This is XeTeX, Version 3.141592653-2.6-0.999996 (TeX Live 2024) (preloaded format=xelatex 2024.3.22)  26 MAR 2024 18:22
entering extended mode
 \write18 enabled.
 file:line:error style messages enabled.
 %&-line parsing enabled.
**"c:/Users/Jiro.DESKTOP-HOK2CVB/Desktop/Local Repository/Final-Report/myReport"
(c:/Users/Jiro.DESKTOP-HOK2CVB/Desktop/Local Repository/Final-Report/myReport.tex
LaTeX2e <2023-11-01> patch level 1
L3 programming layer <2024-03-14>
(./cpecmu.cls
Document Class: cpecmu 2021/07/27 v0.2.1 Computer Engineering, Chiang Mai University senior project report class
(c:/texlive/2024/texmf-dist/tex/latex/base/report.cls
Document Class: report 2023/05/17 v1.4n Standard LaTeX document class
(c:/texlive/2024/texmf-dist/tex/latex/base/size12.clo
File: size12.clo 2023/05/17 v1.4n Standard LaTeX file (size option)
)
\c@part=\count184
\c@chapter=\count185
\c@section=\count186
\c@subsection=\count187
\c@subsubsection=\count188
\c@paragraph=\count189
\c@subparagraph=\count190
\c@figure=\count191
\c@table=\count192
\abovecaptionskip=\skip48
\belowcaptionskip=\skip49
\bibindent=\dimen140
)
\c@@numauthors=\count193
\c@@authorIdx=\count194
\c@@acadyear=\count195
 (./thaixelatex.sty
Package: thaixelatex 
 (c:/texlive/2024/texmf-dist/tex/latex/fontspec/fontspec.sty (c:/texlive/2024/texmf-dist/tex/latex/l3packages/xparse/xparse.sty (c:/texlive/2024/texmf-dist/tex/latex/l3kernel/expl3.sty
Package: expl3 2024-03-14 L3 programming layer (loader) 
 (c:/texlive/2024/texmf-dist/tex/latex/l3backend/l3backend-xetex.def
File: l3backend-xetex.def 2024-03-14 L3 backend support: XeTeX
\g__graphics_track_int=\count196
\l__pdf_internal_box=\box51
\g__pdf_backend_object_int=\count197
\g__pdf_backend_annotation_int=\count198
\g__pdf_backend_link_int=\count199
))
Package: xparse 2024-03-14 L3 Experimental document command parser
)
Package: fontspec 2024/02/13 v2.9a Font selection for XeLaTeX and LuaLaTeX
 (c:/texlive/2024/texmf-dist/tex/latex/fontspec/fontspec-xetex.sty
Package: fontspec-xetex 2024/02/13 v2.9a Font selection for XeLaTeX and LuaLaTeX
\l__fontspec_script_int=\count266
\l__fontspec_language_int=\count267
\l__fontspec_strnum_int=\count268
\l__fontspec_tmp_int=\count269
\l__fontspec_tmpa_int=\count270
\l__fontspec_tmpb_int=\count271
\l__fontspec_tmpc_int=\count272
\l__fontspec_em_int=\count273
\l__fontspec_emdef_int=\count274
\l__fontspec_strong_int=\count275
\l__fontspec_strongdef_int=\count276
\l__fontspec_tmpa_dim=\dimen141
\l__fontspec_tmpb_dim=\dimen142
\l__fontspec_tmpc_dim=\dimen143
 (c:/texlive/2024/texmf-dist/tex/latex/base/fontenc.sty
Package: fontenc 2021/04/29 v2.0v Standard LaTeX package
) (c:/texlive/2024/texmf-dist/tex/latex/fontspec/fontspec.cfg)))

Package fontspec Info: Laksaman scale = 0.8434411299232584.


Package fontspec Info: Laksaman scale = 0.8434411299232584.


Package fontspec Info: Laksaman-Bold scale = 0.8434411299232584.


Package fontspec Info: Laksaman-Italic scale = 0.8434411299232584.


Package fontspec Info: Laksaman-BoldItalic scale = 0.8434411299232584.


Package fontspec Info: Font family 'Laksaman(0)' created for font 'Laksaman'
(fontspec)             with options
(fontspec)             [Mapping=tex-text,Script=Thai,Scale=MatchLowercase,Extension=.otf,ItalicFont=*-Italic,BoldFont=*-Bold,BoldItalicFont=*-BoldItalic].
(fontspec)              
(fontspec)              This font family consists of the following NFSS
(fontspec)             series/shapes:
(fontspec)              
(fontspec)             - 'normal' (m/n) with NFSS spec.:
(fontspec)             <->s*[0.8434411299232584]"[Laksaman.otf]/OT:script=thai;language=dflt;mapping=tex-text;"
(fontspec)             - 'small caps'  (m/sc) with NFSS spec.: 
(fontspec)             - 'bold' (b/n) with NFSS spec.:
(fontspec)             <->s*[0.8434411299232584]"[Laksaman-Bold.otf]/OT:script=thai;language=dflt;mapping=tex-text;"
(fontspec)             - 'bold small caps'  (b/sc) with NFSS spec.: 
(fontspec)             - 'italic' (m/it) with NFSS spec.:
(fontspec)             <->s*[0.8434411299232584]"[Laksaman-Italic.otf]/OT:script=thai;language=dflt;mapping=tex-text;"
(fontspec)             - 'italic small caps'  (m/scit) with NFSS spec.: 
(fontspec)             - 'bold italic' (b/it) with NFSS spec.:
(fontspec)             <->s*[0.8434411299232584]"[Laksaman-BoldItalic.otf]/OT:script=thai;language=dflt;mapping=tex-text;"
(fontspec)             - 'bold italic small caps'  (b/scit) with NFSS spec.: 


Package fontspec Info: Garuda scale = 0.8320433607529218.


Package fontspec Info: Garuda scale = 0.8320433607529218.


Package fontspec Info: Garuda-Bold scale = 0.8272529360655258.


Package fontspec Info: Garuda-Oblique scale = 0.8320433607529218.


Package fontspec Info: Garuda-BoldOblique scale = 0.8272529360655258.


Package fontspec Info: Font family 'Garuda(0)' created for font 'Garuda' with
(fontspec)             options
(fontspec)             [Mapping=tex-text,Script=Thai,Scale=MatchLowercase,Extension=.otf,ItalicFont=*-Oblique,BoldFont=*-Bold,BoldItalicFont=*-BoldOblique].
(fontspec)              
(fontspec)              This font family consists of the following NFSS
(fontspec)             series/shapes:
(fontspec)              
(fontspec)             - 'normal' (m/n) with NFSS spec.:
(fontspec)             <->s*[0.8320433607529218]"[Garuda.otf]/OT:script=thai;language=dflt;mapping=tex-text;"
(fontspec)             - 'small caps'  (m/sc) with NFSS spec.: 
(fontspec)             - 'bold' (b/n) with NFSS spec.:
(fontspec)             <->s*[0.8272529360655258]"[Garuda-Bold.otf]/OT:script=thai;language=dflt;mapping=tex-text;"
(fontspec)             - 'bold small caps'  (b/sc) with NFSS spec.: 
(fontspec)             - 'italic' (m/it) with NFSS spec.:
(fontspec)             <->s*[0.8320433607529218]"[Garuda-Oblique.otf]/OT:script=thai;language=dflt;mapping=tex-text;"
(fontspec)             - 'italic small caps'  (m/scit) with NFSS spec.: 
(fontspec)             - 'bold italic' (b/it) with NFSS spec.:
(fontspec)             <->s*[0.8272529360655258]"[Garuda-BoldOblique.otf]/OT:script=thai;language=dflt;mapping=tex-text;"
(fontspec)             - 'bold italic small caps'  (b/scit) with NFSS spec.: 


Package fontspec Info: TlwgTypist scale = 1.033569858176573.


Package fontspec Info: TlwgTypist scale = 1.033569858176573.


Package fontspec Info: TlwgTypist/B scale = 0.9862659745338579.


Package fontspec Info: TlwgTypist/I scale = 1.033569858176573.


Package fontspec Info: TlwgTypist/BI scale = 0.9862659745338579.


Package fontspec Info: Font family 'TlwgTypist(0)' created for font
(fontspec)             'TlwgTypist' with options
(fontspec)             [Mapping=tex-text,Scale=MatchLowercase].
(fontspec)              
(fontspec)              This font family consists of the following NFSS
(fontspec)             series/shapes:
(fontspec)              
(fontspec)             - 'normal' (m/n) with NFSS spec.:
(fontspec)             <->s*[1.033569858176573]"TlwgTypist/OT:script=latn;language=dflt;mapping=tex-text;"
(fontspec)             - 'small caps'  (m/sc) with NFSS spec.: 
(fontspec)             - 'bold' (b/n) with NFSS spec.:
(fontspec)             <->s*[0.9862659745338579]"TlwgTypist/B/OT:script=latn;language=dflt;mapping=tex-text;"
(fontspec)             - 'bold small caps'  (b/sc) with NFSS spec.: 
(fontspec)             - 'italic' (m/it) with NFSS spec.:
(fontspec)             <->s*[1.033569858176573]"TlwgTypist/I/OT:script=latn;language=dflt;mapping=tex-text;"
(fontspec)             - 'italic small caps'  (m/scit) with NFSS spec.: 
(fontspec)             - 'bold italic' (b/it) with NFSS spec.:
(fontspec)             <->s*[0.9862659745338579]"TlwgTypist/BI/OT:script=latn;language=dflt;mapping=tex-text;"
(fontspec)             - 'bold italic small caps'  (b/scit) with NFSS spec.: 


Package fontspec Info: TeX Gyre Termes scale = 0.9577756114101639.


Package fontspec Info: TeX Gyre Termes scale = 0.9577756114101639.


Package fontspec Info: TeX Gyre Termes scale = 0.9577756114101639.


Package fontspec Info: TeX Gyre Termes/B scale = 0.9349213617030666.


Package fontspec Info: TeX Gyre Termes/B scale = 0.9349213617030666.


Package fontspec Info: TeX Gyre Termes/I scale = 0.9976805792664979.


Package fontspec Info: TeX Gyre Termes/I scale = 0.9976805792664979.


Package fontspec Info: TeX Gyre Termes/BI scale = 0.9599075639533403.


Package fontspec Info: TeX Gyre Termes/BI scale = 0.9599075639533403.


Package fontspec Info: Font family 'TeXGyreTermes(0)' created for font 'TeX
(fontspec)             Gyre Termes' with options
(fontspec)             [Mapping=tex-text,Ligatures=TeX,Scale=MatchLowercase].
(fontspec)              
(fontspec)              This font family consists of the following NFSS
(fontspec)             series/shapes:
(fontspec)              
(fontspec)             - 'normal' (m/n) with NFSS spec.:
(fontspec)             <->s*[0.9577756114101639]"TeX Gyre
(fontspec)             Termes/OT:script=latn;language=dflt;mapping=tex-text;"
(fontspec)             - 'small caps'  (m/sc) with NFSS spec.:
(fontspec)             <->s*[0.9577756114101639]"TeX Gyre
(fontspec)             Termes/OT:script=latn;language=dflt;+smcp;mapping=tex-text;"
(fontspec)             - 'bold' (b/n) with NFSS spec.:
(fontspec)             <->s*[0.9349213617030666]"TeX Gyre
(fontspec)             Termes/B/OT:script=latn;language=dflt;mapping=tex-text;"
(fontspec)             - 'bold small caps'  (b/sc) with NFSS spec.:
(fontspec)             <->s*[0.9349213617030666]"TeX Gyre
(fontspec)             Termes/B/OT:script=latn;language=dflt;+smcp;mapping=tex-text;"
(fontspec)             - 'italic' (m/it) with NFSS spec.:
(fontspec)             <->s*[0.9976805792664979]"TeX Gyre
(fontspec)             Termes/I/OT:script=latn;language=dflt;mapping=tex-text;"
(fontspec)             - 'italic small caps'  (m/scit) with NFSS spec.:
(fontspec)             <->s*[0.9976805792664979]"TeX Gyre
(fontspec)             Termes/I/OT:script=latn;language=dflt;+smcp;mapping=tex-text;"
(fontspec)             - 'bold italic' (b/it) with NFSS spec.:
(fontspec)             <->s*[0.9599075639533403]"TeX Gyre
(fontspec)             Termes/BI/OT:script=latn;language=dflt;mapping=tex-text;"
(fontspec)             - 'bold italic small caps'  (b/scit) with NFSS spec.:
(fontspec)             <->s*[0.9599075639533403]"TeX Gyre
(fontspec)             Termes/BI/OT:script=latn;language=dflt;+smcp;mapping=tex-text;"

LaTeX Font Info:    Font shape `TU/TeXGyreTermes(0)/m/n' will be
(Font)              scaled to size 11.49335pt on input line 43.

Package fontspec Info: TeX Gyre Heros scale = 0.8225197832517574.


Package fontspec Info: TeX Gyre Heros scale = 0.8225197832517574.


Package fontspec Info: TeX Gyre Heros scale = 0.8225197832517574.


Package fontspec Info: TeX Gyre Heros/B scale = 0.7981486975892095.


Package fontspec Info: TeX Gyre Heros/B scale = 0.7981486975892095.


Package fontspec Info: TeX Gyre Heros/I scale = 0.8225197832517574.


Package fontspec Info: TeX Gyre Heros/I scale = 0.8225197832517574.


Package fontspec Info: TeX Gyre Heros/BI scale = 0.7981486975892095.


Package fontspec Info: TeX Gyre Heros/BI scale = 0.7981486975892095.


Package fontspec Info: Font family 'TeXGyreHeros(0)' created for font 'TeX
(fontspec)             Gyre Heros' with options
(fontspec)             [Mapping=tex-text,Ligatures=TeX,Scale=MatchLowercase].
(fontspec)              
(fontspec)              This font family consists of the following NFSS
(fontspec)             series/shapes:
(fontspec)              
(fontspec)             - 'normal' (m/n) with NFSS spec.:
(fontspec)             <->s*[0.8225197832517574]"TeX Gyre
(fontspec)             Heros/OT:script=latn;language=dflt;mapping=tex-text;"
(fontspec)             - 'small caps'  (m/sc) with NFSS spec.:
(fontspec)             <->s*[0.8225197832517574]"TeX Gyre
(fontspec)             Heros/OT:script=latn;language=dflt;+smcp;mapping=tex-text;"
(fontspec)             - 'bold' (b/n) with NFSS spec.:
(fontspec)             <->s*[0.7981486975892095]"TeX Gyre
(fontspec)             Heros/B/OT:script=latn;language=dflt;mapping=tex-text;"
(fontspec)             - 'bold small caps'  (b/sc) with NFSS spec.:
(fontspec)             <->s*[0.7981486975892095]"TeX Gyre
(fontspec)             Heros/B/OT:script=latn;language=dflt;+smcp;mapping=tex-text;"
(fontspec)             - 'italic' (m/it) with NFSS spec.:
(fontspec)             <->s*[0.8225197832517574]"TeX Gyre
(fontspec)             Heros/I/OT:script=latn;language=dflt;mapping=tex-text;"
(fontspec)             - 'italic small caps'  (m/scit) with NFSS spec.:
(fontspec)             <->s*[0.8225197832517574]"TeX Gyre
(fontspec)             Heros/I/OT:script=latn;language=dflt;+smcp;mapping=tex-text;"
(fontspec)             - 'bold italic' (b/it) with NFSS spec.:
(fontspec)             <->s*[0.7981486975892095]"TeX Gyre
(fontspec)             Heros/BI/OT:script=latn;language=dflt;mapping=tex-text;"
(fontspec)             - 'bold italic small caps'  (b/scit) with NFSS spec.:
(fontspec)             <->s*[0.7981486975892095]"TeX Gyre
(fontspec)             Heros/BI/OT:script=latn;language=dflt;+smcp;mapping=tex-text;"

 (c:/texlive/2024/texmf-dist/tex/latex/inconsolata/inconsolata.fontspec)

Package fontspec Info: Inconsolatazi4-Regular scale = 0.9431079577072898.


Package fontspec Info: Inconsolatazi4-Regular scale = 0.9431079577072898.


Package fontspec Info: Inconsolatazi4-Bold scale = 0.9229112493703457.


Package fontspec Info: Inconsolatazi4-Regular scale = 0.9431079577072898.


Package fontspec Info: Inconsolatazi4-Bold scale = 0.9229112493703457.


Package fontspec Info: Font family 'Inconsolata(0)' created for font
(fontspec)             'Inconsolata' with options
(fontspec)             [Mapping=tex-text,WordSpace={1,0,0},HyphenChar=None,PunctuationSpace=WordSpace,Mapping=,Scale=MatchLowercase,Extension=.otf,UprightFont=*zi4-Regular,BoldFont=*zi4-Bold,AutoFakeSlant,BoldItalicFont={*zi4-Bold},BoldItalicFeatures={FakeSlant=0.2}].
(fontspec)              
(fontspec)              This font family consists of the following NFSS
(fontspec)             series/shapes:
(fontspec)              
(fontspec)             - 'normal' (m/n) with NFSS spec.:
(fontspec)             <->s*[0.9431079577072898]"[Inconsolatazi4-Regular.otf]/OT:script=latn;language=dflt;"
(fontspec)             - 'small caps'  (m/sc) with NFSS spec.: 
(fontspec)             and font adjustment code:
(fontspec)             \fontdimen 2\font =1\fontdimen 2\font \fontdimen 3\font
(fontspec)             =0\fontdimen 3\font \fontdimen 4\font =0\fontdimen
(fontspec)             4\font \fontdimen 7\font =0\fontdimen 2\font
(fontspec)             \tex_hyphenchar:D \font =-1\scan_stop: 
(fontspec)             - 'bold' (b/n) with NFSS spec.:
(fontspec)             <->s*[0.9229112493703457]"[Inconsolatazi4-Bold.otf]/OT:script=latn;language=dflt;"
(fontspec)             - 'bold small caps'  (b/sc) with NFSS spec.: 
(fontspec)             and font adjustment code:
(fontspec)             \fontdimen 2\font =1\fontdimen 2\font \fontdimen 3\font
(fontspec)             =0\fontdimen 3\font \fontdimen 4\font =0\fontdimen
(fontspec)             4\font \fontdimen 7\font =0\fontdimen 2\font
(fontspec)             \tex_hyphenchar:D \font =-1\scan_stop: 
(fontspec)             - 'italic' (m/it) with NFSS spec.:
(fontspec)             <->s*[0.9431079577072898]"[Inconsolatazi4-Regular.otf]/OT:script=latn;language=dflt;slant=0.2;"
(fontspec)             - 'italic small caps'  (m/scit) with NFSS spec.: 
(fontspec)             and font adjustment code:
(fontspec)             \fontdimen 2\font =1\fontdimen 2\font \fontdimen 3\font
(fontspec)             =0\fontdimen 3\font \fontdimen 4\font =0\fontdimen
(fontspec)             4\font \fontdimen 7\font =0\fontdimen 2\font
(fontspec)             \tex_hyphenchar:D \font =-1\scan_stop: 
(fontspec)             - 'bold italic' (b/it) with NFSS spec.:
(fontspec)             <->s*[0.9229112493703457]"[Inconsolatazi4-Bold.otf]/OT:script=latn;language=dflt;slant=0.2;"
(fontspec)             - 'bold italic small caps'  (b/scit) with NFSS spec.: 
(fontspec)             and font adjustment code:
(fontspec)             \fontdimen 2\font =1\fontdimen 2\font \fontdimen 3\font
(fontspec)             =0\fontdimen 3\font \fontdimen 4\font =0\fontdimen
(fontspec)             4\font \fontdimen 7\font =0\fontdimen 2\font
(fontspec)             \tex_hyphenchar:D \font =-1\scan_stop: 

 (c:/texlive/2024/texmf-dist/tex/latex/amsmath/amsmath.sty
Package: amsmath 2023/05/13 v2.17o AMS math features
\@mathmargin=\skip50

For additional information on amsmath, use the `?' option.
(c:/texlive/2024/texmf-dist/tex/latex/amsmath/amstext.sty
Package: amstext 2021/08/26 v2.01 AMS text
 (c:/texlive/2024/texmf-dist/tex/latex/amsmath/amsgen.sty
File: amsgen.sty 1999/11/30 v2.0 generic functions
\@emptytoks=\toks17
\ex@=\dimen144
)) (c:/texlive/2024/texmf-dist/tex/latex/amsmath/amsbsy.sty
Package: amsbsy 1999/11/29 v1.2d Bold Symbols
\pmbraise@=\dimen145
) (c:/texlive/2024/texmf-dist/tex/latex/amsmath/amsopn.sty
Package: amsopn 2022/04/08 v2.04 operator names
)
\inf@bad=\count277
LaTeX Info: Redefining \frac on input line 234.
\uproot@=\count278
\leftroot@=\count279
LaTeX Info: Redefining \overline on input line 399.
LaTeX Info: Redefining \colon on input line 410.
\classnum@=\count280
\DOTSCASE@=\count281
LaTeX Info: Redefining \ldots on input line 496.
LaTeX Info: Redefining \dots on input line 499.
LaTeX Info: Redefining \cdots on input line 620.
\Mathstrutbox@=\box52
\strutbox@=\box53
LaTeX Info: Redefining \big on input line 722.
LaTeX Info: Redefining \Big on input line 723.
LaTeX Info: Redefining \bigg on input line 724.
LaTeX Info: Redefining \Bigg on input line 725.
\big@size=\dimen146
LaTeX Font Info:    Redeclaring font encoding OML on input line 743.
LaTeX Font Info:    Redeclaring font encoding OMS on input line 744.
\macc@depth=\count282
LaTeX Info: Redefining \bmod on input line 905.
LaTeX Info: Redefining \pmod on input line 910.
LaTeX Info: Redefining \smash on input line 940.
LaTeX Info: Redefining \relbar on input line 970.
LaTeX Info: Redefining \Relbar on input line 971.
\c@MaxMatrixCols=\count283
\dotsspace@=\muskip16
\c@parentequation=\count284
\dspbrk@lvl=\count285
\tag@help=\toks18
\row@=\count286
\column@=\count287
\maxfields@=\count288
\andhelp@=\toks19
\eqnshift@=\dimen147
\alignsep@=\dimen148
\tagshift@=\dimen149
\tagwidth@=\dimen150
\totwidth@=\dimen151
\lineht@=\dimen152
\@envbody=\toks20
\multlinegap=\skip51
\multlinetaggap=\skip52
\mathdisplay@stack=\toks21
LaTeX Info: Redefining \[ on input line 2953.
LaTeX Info: Redefining \] on input line 2954.
) (c:/texlive/2024/texmf-dist/tex/latex/unicode-math/unicode-math.sty
Package: unicode-math 2023/08/13 v0.8r Unicode maths in XeLaTeX and LuaLaTeX
 (c:/texlive/2024/texmf-dist/tex/latex/unicode-math/unicode-math-xetex.sty
Package: unicode-math-xetex 2023/08/13 v0.8r Unicode maths in XeLaTeX and LuaLaTeX
 (c:/texlive/2024/texmf-dist/tex/latex/l3packages/l3keys2e/l3keys2e.sty
Package: l3keys2e 2024-03-14 LaTeX2e option processing using LaTeX3 keys
) (c:/texlive/2024/texmf-dist/tex/latex/base/fix-cm.sty
Package: fix-cm 2020/11/24 v1.1t fixes to LaTeX
 (c:/texlive/2024/texmf-dist/tex/latex/base/ts1enc.def
File: ts1enc.def 2001/06/05 v3.0e (jk/car/fm) Standard LaTeX file
LaTeX Font Info:    Redeclaring font encoding TS1 on input line 47.
))
\g__um_fam_int=\count289
\g__um_fonts_used_int=\count290
\l__um_primecount_int=\count291
\g__um_primekern_muskip=\muskip17
 (c:/texlive/2024/texmf-dist/tex/latex/unicode-math/unicode-math-table.tex)))

Package fontspec Info: Could not resolve font "TeX Gyre Termes Math/B" (it
(fontspec)             probably doesn't exist).


Package fontspec Info: Font family 'TeXGyreTermesMath(0)' created for font
(fontspec)             'TeX Gyre Termes Math' with options
(fontspec)             [Mapping=tex-text,BoldItalicFont={},ItalicFont={},SmallCapsFont={},Script=Math].
(fontspec)              
(fontspec)              This font family consists of the following NFSS
(fontspec)             series/shapes:
(fontspec)              
(fontspec)             - 'normal' (m/n) with NFSS spec.: <->"TeX Gyre Termes
(fontspec)             Math/OT:script=math;language=dflt;mapping=tex-text;"
(fontspec)             - 'small caps'  (m/sc) with NFSS spec.: 


Package fontspec Info: Could not resolve font "TeX Gyre Termes Math/B" (it
(fontspec)             probably doesn't exist).


Package fontspec Info: Font family 'TeXGyreTermesMath(1)' created for font
(fontspec)             'TeX Gyre Termes Math' with options
(fontspec)             [Mapping=tex-text,BoldItalicFont={},ItalicFont={},SmallCapsFont={},Script=Math,SizeFeatures={{Size=10.44-},{Size=7.74-10.44,Font=TeX
(fontspec)             Gyre Termes Math,Style=MathScript},{Size=-7.74,Font=TeX
(fontspec)             Gyre Termes Math,Style=MathScriptScript}}].
(fontspec)              
(fontspec)              This font family consists of the following NFSS
(fontspec)             series/shapes:
(fontspec)              
(fontspec)             - 'normal' (m/n) with NFSS spec.: <10.44->"TeX Gyre
(fontspec)             Termes
(fontspec)             Math/OT:script=math;language=dflt;mapping=tex-text;"<7.74-10.44>"TeX
(fontspec)             Gyre Termes
(fontspec)             Math/OT:script=math;language=dflt;+ssty=0;mapping=tex-text;"<-7.74>"TeX
(fontspec)             Gyre Termes
(fontspec)             Math/OT:script=math;language=dflt;+ssty=1;mapping=tex-text;"
(fontspec)             - 'small caps'  (m/sc) with NFSS spec.: 

LaTeX Font Info:    Encoding `OT1' has changed to `TU' for symbol font
(Font)              `operators' in the math version `normal' on input line 59.
LaTeX Font Info:    Overwriting symbol font `operators' in version `normal'
(Font)                  OT1/cmr/m/n --> TU/TeXGyreTermesMath(1)/m/n on input line 59.
LaTeX Font Info:    Encoding `OT1' has changed to `TU' for symbol font
(Font)              `operators' in the math version `bold' on input line 59.
LaTeX Font Info:    Overwriting symbol font `operators' in version `bold'
(Font)                  OT1/cmr/bx/n --> TU/TeXGyreTermesMath(1)/b/n on input line 59.

Package fontspec Info: TeX Gyre Termes Math scale = 1.0001.


Package fontspec Info: Could not resolve font "TeX Gyre Termes Math/B" (it
(fontspec)             probably doesn't exist).


Package fontspec Info: TeX Gyre Termes Math scale = 1.0001.


Package fontspec Info: TeX Gyre Termes Math scale = 1.0001.


Package fontspec Info: TeX Gyre Termes Math scale = 1.0001.


Package fontspec Info: Font family 'TeXGyreTermesMath(2)' created for font
(fontspec)             'TeX Gyre Termes Math' with options
(fontspec)             [Mapping=tex-text,BoldItalicFont={},ItalicFont={},SmallCapsFont={},Script=Math,SizeFeatures={{Size=10.44-},{Size=7.74-10.44,Font=TeX
(fontspec)             Gyre Termes Math,Style=MathScript},{Size=-7.74,Font=TeX
(fontspec)             Gyre Termes
(fontspec)             Math,Style=MathScriptScript}},ScaleAgain=1.0001,FontAdjustment={\fontdimen
(fontspec)             8\font =7.608pt\relax \fontdimen 9\font =5.16pt\relax
(fontspec)             \fontdimen 10\font =5.16pt\relax \fontdimen 11\font
(fontspec)             =7.176pt\relax \fontdimen 12\font =3.192pt\relax
(fontspec)             \fontdimen 13\font =4.068pt\relax \fontdimen 14\font
(fontspec)             =4.068pt\relax \fontdimen 15\font =3.408pt\relax
(fontspec)             \fontdimen 16\font =2.664pt\relax \fontdimen 17\font
(fontspec)             =2.664pt\relax \fontdimen 18\font =2.664pt\relax
(fontspec)             \fontdimen 19\font =1.332pt\relax \fontdimen 22\font
(fontspec)             =3.0pt\relax \fontdimen 20\font =0pt\relax \fontdimen
(fontspec)             21\font =0pt\relax }].
(fontspec)              
(fontspec)              This font family consists of the following NFSS
(fontspec)             series/shapes:
(fontspec)              
(fontspec)             - 'normal' (m/n) with NFSS spec.:
(fontspec)             <10.44->s*[1.0001]"TeX Gyre Termes
(fontspec)             Math/OT:script=math;language=dflt;mapping=tex-text;"<7.74-10.44>s*[1.0001]"TeX
(fontspec)             Gyre Termes
(fontspec)             Math/OT:script=math;language=dflt;+ssty=0;mapping=tex-text;"<-7.74>s*[1.0001]"TeX
(fontspec)             Gyre Termes
(fontspec)             Math/OT:script=math;language=dflt;+ssty=1;mapping=tex-text;"
(fontspec)             - 'small caps'  (m/sc) with NFSS spec.: 
(fontspec)             and font adjustment code:
(fontspec)             \fontdimen 8\font =7.608pt\relax \fontdimen 9\font
(fontspec)             =5.16pt\relax \fontdimen 10\font =5.16pt\relax
(fontspec)             \fontdimen 11\font =7.176pt\relax \fontdimen 12\font
(fontspec)             =3.192pt\relax \fontdimen 13\font =4.068pt\relax
(fontspec)             \fontdimen 14\font =4.068pt\relax \fontdimen 15\font
(fontspec)             =3.408pt\relax \fontdimen 16\font =2.664pt\relax
(fontspec)             \fontdimen 17\font =2.664pt\relax \fontdimen 18\font
(fontspec)             =2.664pt\relax \fontdimen 19\font =1.332pt\relax
(fontspec)             \fontdimen 22\font =3.0pt\relax \fontdimen 20\font
(fontspec)             =0pt\relax \fontdimen 21\font =0pt\relax 

LaTeX Font Info:    Encoding `OMS' has changed to `TU' for symbol font
(Font)              `symbols' in the math version `normal' on input line 59.
LaTeX Font Info:    Overwriting symbol font `symbols' in version `normal'
(Font)                  OMS/cmsy/m/n --> TU/TeXGyreTermesMath(2)/m/n on input line 59.
LaTeX Font Info:    Encoding `OMS' has changed to `TU' for symbol font
(Font)              `symbols' in the math version `bold' on input line 59.
LaTeX Font Info:    Overwriting symbol font `symbols' in version `bold'
(Font)                  OMS/cmsy/b/n --> TU/TeXGyreTermesMath(2)/b/n on input line 59.

Package fontspec Info: TeX Gyre Termes Math scale = 0.9999.


Package fontspec Info: Could not resolve font "TeX Gyre Termes Math/B" (it
(fontspec)             probably doesn't exist).


Package fontspec Info: TeX Gyre Termes Math scale = 0.9999.


Package fontspec Info: TeX Gyre Termes Math scale = 0.9999.


Package fontspec Info: TeX Gyre Termes Math scale = 0.9999.


Package fontspec Info: Font family 'TeXGyreTermesMath(3)' created for font
(fontspec)             'TeX Gyre Termes Math' with options
(fontspec)             [Mapping=tex-text,BoldItalicFont={},ItalicFont={},SmallCapsFont={},Script=Math,SizeFeatures={{Size=10.44-},{Size=7.74-10.44,Font=TeX
(fontspec)             Gyre Termes Math,Style=MathScript},{Size=-7.74,Font=TeX
(fontspec)             Gyre Termes
(fontspec)             Math,Style=MathScriptScript}},ScaleAgain=0.9999,FontAdjustment={\fontdimen
(fontspec)             8\font =0.624pt\relax \fontdimen 9\font =1.2pt\relax
(fontspec)             \fontdimen 10\font =1.2pt\relax \fontdimen 11\font
(fontspec)             =1.2pt\relax \fontdimen 12\font =5.196pt\relax
(fontspec)             \fontdimen 13\font =0pt\relax }].
(fontspec)              
(fontspec)              This font family consists of the following NFSS
(fontspec)             series/shapes:
(fontspec)              
(fontspec)             - 'normal' (m/n) with NFSS spec.:
(fontspec)             <10.44->s*[0.9999]"TeX Gyre Termes
(fontspec)             Math/OT:script=math;language=dflt;mapping=tex-text;"<7.74-10.44>s*[0.9999]"TeX
(fontspec)             Gyre Termes
(fontspec)             Math/OT:script=math;language=dflt;+ssty=0;mapping=tex-text;"<-7.74>s*[0.9999]"TeX
(fontspec)             Gyre Termes
(fontspec)             Math/OT:script=math;language=dflt;+ssty=1;mapping=tex-text;"
(fontspec)             - 'small caps'  (m/sc) with NFSS spec.: 
(fontspec)             and font adjustment code:
(fontspec)             \fontdimen 8\font =0.624pt\relax \fontdimen 9\font
(fontspec)             =1.2pt\relax \fontdimen 10\font =1.2pt\relax \fontdimen
(fontspec)             11\font =1.2pt\relax \fontdimen 12\font =5.196pt\relax
(fontspec)             \fontdimen 13\font =0pt\relax 

LaTeX Font Info:    Encoding `OMX' has changed to `TU' for symbol font
(Font)              `largesymbols' in the math version `normal' on input line 59.
LaTeX Font Info:    Overwriting symbol font `largesymbols' in version `normal'
(Font)                  OMX/cmex/m/n --> TU/TeXGyreTermesMath(3)/m/n on input line 59.
LaTeX Font Info:    Encoding `OMX' has changed to `TU' for symbol font
(Font)              `largesymbols' in the math version `bold' on input line 59.
LaTeX Font Info:    Overwriting symbol font `largesymbols' in version `bold'
(Font)                  OMX/cmex/m/n --> TU/TeXGyreTermesMath(3)/b/n on input line 59.

Package fontspec Info: Font family 'TeXGyreTermes(1)' created for font 'TeX
(fontspec)             Gyre Termes' with options
(fontspec)             [Mapping=tex-text,ItalicFont={},BoldFont={},SmallCapsFont={}].
(fontspec)              
(fontspec)              This font family consists of the following NFSS
(fontspec)             series/shapes:
(fontspec)              
(fontspec)             - 'normal' (m/n) with NFSS spec.: <->"TeX Gyre
(fontspec)             Termes/OT:script=latn;language=dflt;mapping=tex-text;"
(fontspec)             - 'small caps'  (m/sc) with NFSS spec.: 

LaTeX Font Info:    Redeclaring math alphabet \mathrm on input line 60.
LaTeX Font Info:    Overwriting math alphabet `\mathrm' in version `normal'
(Font)                  TU/TeXGyreTermes(1)/m/n --> TU/TeXGyreTermes(1)/m/n on input line 60.

Package fontspec Info: Font family 'TeXGyreTermesBold(0)' created for font
(fontspec)             'TeX Gyre Termes Bold' with options
(fontspec)             [Mapping=tex-text,ItalicFont={},BoldFont={},SmallCapsFont={}].
(fontspec)              
(fontspec)              This font family consists of the following NFSS
(fontspec)             series/shapes:
(fontspec)              
(fontspec)             - 'normal' (m/n) with NFSS spec.: <->"TeX Gyre Termes
(fontspec)             Bold/OT:script=latn;language=dflt;mapping=tex-text;"
(fontspec)             - 'small caps'  (m/sc) with NFSS spec.: 

LaTeX Font Info:    Redeclaring math alphabet \mathbf on input line 61.
LaTeX Font Info:    Overwriting math alphabet `\mathbf' in version `normal'
(Font)                  OT1/cmr/bx/n --> TU/TeXGyreTermesBold(0)/m/n on input line 61.
LaTeX Font Info:    Overwriting math alphabet `\mathbf' in version `bold'
(Font)                  OT1/cmr/bx/n --> TU/TeXGyreTermesBold(0)/m/n on input line 61.
LaTeX Font Info:    Overwriting math alphabet `\mathbf' in version `normal'
(Font)                  TU/TeXGyreTermesBold(0)/m/n --> TU/TeXGyreTermesBold(0)/m/n on input line 61.

Package fontspec Info: Font family 'TeXGyreTermesItalic(0)' created for font
(fontspec)             'TeX Gyre Termes Italic' with options
(fontspec)             [Mapping=tex-text,ItalicFont={},BoldFont={},SmallCapsFont={}].
(fontspec)              
(fontspec)              This font family consists of the following NFSS
(fontspec)             series/shapes:
(fontspec)              
(fontspec)             - 'normal' (m/n) with NFSS spec.: <->"TeX Gyre Termes
(fontspec)             Italic/OT:script=latn;language=dflt;mapping=tex-text;"
(fontspec)             - 'small caps'  (m/sc) with NFSS spec.: 

LaTeX Font Info:    Redeclaring math alphabet \mathit on input line 62.
LaTeX Font Info:    Overwriting math alphabet `\mathit' in version `normal'
(Font)                  OT1/cmr/m/it --> TU/TeXGyreTermesItalic(0)/m/n on input line 62.
LaTeX Font Info:    Overwriting math alphabet `\mathit' in version `bold'
(Font)                  OT1/cmr/bx/it --> TU/TeXGyreTermesItalic(0)/m/n on input line 62.
LaTeX Font Info:    Overwriting math alphabet `\mathit' in version `normal'
(Font)                  TU/TeXGyreTermesItalic(0)/m/n --> TU/TeXGyreTermesItalic(0)/m/n on input line 62.
 (c:/texlive/2024/texmf-dist/tex/xelatex/ucharclasses/ucharclasses.sty
Package: ucharclasses 2022/10/20 v2.6.0 Unicode block character classes for XeLaTeX
 (c:/texlive/2024/texmf-dist/tex/generic/iftex/ifxetex.sty
Package: ifxetex 2019/10/25 v0.7 ifxetex legacy package. Use iftex instead.
 (c:/texlive/2024/texmf-dist/tex/generic/iftex/iftex.sty
Package: iftex 2022/02/03 v1.0f TeX engine tests
))
\AlphabeticPresentationFormsClass=\XeTeXcharclass1
\BasicLatinClass=\XeTeXcharclass2
\LatinExtendedAdditionalClass=\XeTeXcharclass3
\LatinExtendedAClass=\XeTeXcharclass4
\LatinExtendedBClass=\XeTeXcharclass5
\LatinExtendedCClass=\XeTeXcharclass6
\LatinExtendedDClass=\XeTeXcharclass7
\LatinSupplementClass=\XeTeXcharclass8
\ThaiClass=\XeTeXcharclass9
\LatinExtendedEClass=\XeTeXcharclass10
\LatinExtendedFClass=\XeTeXcharclass11
\LatinExtendedGClass=\XeTeXcharclass12
) (c:/texlive/2024/texmf-dist/tex/latex/polyglossia/polyglossia.sty
Package: polyglossia 2024/03/07 v2.1 Modern multilingual typesetting with XeLaTeX and LuaLaTeX
 (c:/texlive/2024/texmf-dist/tex/latex/etoolbox/etoolbox.sty
Package: etoolbox 2020/10/05 v2.5k e-TeX tools for LaTeX (JAW)
\etb@tempcnta=\count292
) (c:/texlive/2024/texmf-dist/tex/latex/xkeyval/xkeyval.sty
Package: xkeyval 2022/06/16 v2.9 package option processing (HA)
 (c:/texlive/2024/texmf-dist/tex/generic/xkeyval/xkeyval.tex (c:/texlive/2024/texmf-dist/tex/generic/xkeyval/xkvutils.tex
\XKV@toks=\toks22
\XKV@tempa@toks=\toks23
 (c:/texlive/2024/texmf-dist/tex/generic/xkeyval/keyval.tex))
\XKV@depth=\count293
File: xkeyval.tex 2014/12/03 v2.7a key=value parser (HA)
)) (c:/texlive/2024/texmf-dist/tex/latex/polyglossia/gloss-latex.ldf
File: gloss-latex.ldf polyglossia: module for default language
)
Package polyglossia Info: Default language is latex.
) (c:/texlive/2024/texmf-dist/tex/latex/polyglossia/gloss-english.ldf
File: gloss-english.ldf polyglossia: module for English
Package polyglossia Info: Option: English, variant=american.
)
Package polyglossia Info: Default language is english.
 (c:/texlive/2024/texmf-dist/tex/latex/polyglossia/gloss-thai.ldf
File: gloss-thai.ldf polyglossia: module for Thai
) (c:/texlive/2024/texmf-dist/tex/latex/setspace/setspace.sty
Package: setspace 2022/12/04 v6.7b set line spacing
)) (./cpecmu-faculty.sty)
\c@@numcommittee=\count294
\c@@committeeIdx=\count295
 (c:/texlive/2024/texmf-dist/tex/latex/xltabular/xltabular.sty
Package: xltabular 2020/11/04 v0.2e `xltabular' package (hv,RN)
 (c:/texlive/2024/texmf-dist/tex/latex/tools/tabularx.sty
Package: tabularx 2023/07/08 v2.11c `tabularx' package (DPC)
 (c:/texlive/2024/texmf-dist/tex/latex/tools/array.sty
Package: array 2023/10/16 v2.5g Tabular extension package (FMi)
\col@sep=\dimen153
\ar@mcellbox=\box54
\extrarowheight=\dimen154
\NC@list=\toks24
\extratabsurround=\skip53
\backup@length=\skip54
\ar@cellbox=\box55
)
\TX@col@width=\dimen155
\TX@old@table=\dimen156
\TX@old@col=\dimen157
\TX@target=\dimen158
\TX@delta=\dimen159
\TX@cols=\count296
\TX@ftn=\toks25
) (c:/texlive/2024/texmf-dist/tex/latex/ltablex/ltablex.sty
Package: ltablex 2014/08/13 v1.1 Modified tabularx
 (c:/texlive/2024/texmf-dist/tex/latex/tools/longtable.sty
Package: longtable 2023-11-01 v4.19 Multi-page Table package (DPC)
\LTleft=\skip55
\LTright=\skip56
\LTpre=\skip57
\LTpost=\skip58
\LTchunksize=\count297
\LTcapwidth=\dimen160
\LT@head=\box56
\LT@firsthead=\box57
\LT@foot=\box58
\LT@lastfoot=\box59
\LT@gbox=\box60
\LT@cols=\count298
\LT@rows=\count299
\c@LT@tables=\count300
\c@LT@chunks=\count301
\LT@p@ftn=\toks26
))) (c:/texlive/2024/texmf-dist/tex/generic/ulem/ulem.sty
\UL@box=\box61
\UL@hyphenbox=\box62
\UL@skip=\skip59
\UL@hook=\toks27
\UL@height=\dimen161
\UL@pe=\count302
\UL@pixel=\dimen162
\ULC@box=\box63
Package: ulem 2019/11/18
\ULdepth=\dimen163
) (c:/texlive/2024/texmf-dist/tex/latex/titlesec/titlesec.sty
Package: titlesec 2023/10/27 v2.16 Sectioning titles
\ttl@box=\box64
\beforetitleunit=\skip60
\aftertitleunit=\skip61
\ttl@plus=\dimen164
\ttl@minus=\dimen165
\ttl@toksa=\toks28
\titlewidth=\dimen166
\titlewidthlast=\dimen167
\titlewidthfirst=\dimen168
) (c:/texlive/2024/texmf-dist/tex/latex/graphics/graphicx.sty
Package: graphicx 2021/09/16 v1.2d Enhanced LaTeX Graphics (DPC,SPQR)
 (c:/texlive/2024/texmf-dist/tex/latex/graphics/graphics.sty
Package: graphics 2022/03/10 v1.4e Standard LaTeX Graphics (DPC,SPQR)
 (c:/texlive/2024/texmf-dist/tex/latex/graphics/trig.sty
Package: trig 2021/08/11 v1.11 sin cos tan (DPC)
) (c:/texlive/2024/texmf-dist/tex/latex/graphics-cfg/graphics.cfg
File: graphics.cfg 2016/06/04 v1.11 sample graphics configuration
)
Package graphics Info: Driver file: xetex.def on input line 107.
 (c:/texlive/2024/texmf-dist/tex/latex/graphics-def/xetex.def
File: xetex.def 2022/09/22 v5.0n Graphics/color driver for xetex
))
\Gin@req@height=\dimen169
\Gin@req@width=\dimen170
) (c:/texlive/2024/texmf-dist/tex/latex/xcolor/xcolor.sty
Package: xcolor 2023/11/15 v3.01 LaTeX color extensions (UK)
 (c:/texlive/2024/texmf-dist/tex/latex/graphics-cfg/color.cfg
File: color.cfg 2016/01/02 v1.6 sample color configuration
)
Package xcolor Info: Driver file: xetex.def on input line 274.
 (c:/texlive/2024/texmf-dist/tex/latex/graphics/mathcolor.ltx)
Package xcolor Info: Model `cmy' substituted by `cmy0' on input line 1350.
Package xcolor Info: Model `RGB' extended on input line 1366.
Package xcolor Info: Model `HTML' substituted by `rgb' on input line 1368.
Package xcolor Info: Model `Hsb' substituted by `hsb' on input line 1369.
Package xcolor Info: Model `tHsb' substituted by `hsb' on input line 1370.
Package xcolor Info: Model `HSB' substituted by `hsb' on input line 1371.
Package xcolor Info: Model `Gray' substituted by `gray' on input line 1372.
Package xcolor Info: Model `wave' substituted by `hsb' on input line 1373.
) (c:/texlive/2024/texmf-dist/tex/latex/colortbl/colortbl.sty
Package: colortbl 2024/02/20 v1.0g Color table columns (DPC)
\everycr=\toks29
\minrowclearance=\skip62
\rownum=\count303
) (c:/texlive/2024/texmf-dist/tex/latex/xcolor/x11nam.def
File: x11nam.def 2023/11/15 v3.01 Predefined colors according to Unix/X11 (UK)
) (c:/texlive/2024/texmf-dist/tex/latex/graphics/rotating.sty
Package: rotating 2016/08/11 v2.16d rotated objects in LaTeX
 (c:/texlive/2024/texmf-dist/tex/latex/base/ifthen.sty
Package: ifthen 2022/04/13 v1.1d Standard LaTeX ifthen package (DPC)
)
\c@r@tfl@t=\count304
\rotFPtop=\skip63
\rotFPbot=\skip64
\rot@float@box=\box65
\rot@mess@toks=\toks30
)
\c@@plan@sm=\count305
\c@@plan@sy=\count306
\c@@plan@em=\count307
\c@@plan@ey=\count308
\c@@plan@m=\count309
\c@@plan@y=\count310
\c@@plan@colscount=\count311
) (c:/texlive/2024/texmf-dist/tex/latex/hyperref/hyperref.sty
Package: hyperref 2024-01-20 v7.01h Hypertext links for LaTeX
 (c:/texlive/2024/texmf-dist/tex/latex/kvsetkeys/kvsetkeys.sty
Package: kvsetkeys 2022-10-05 v1.19 Key value parser (HO)
) (c:/texlive/2024/texmf-dist/tex/generic/kvdefinekeys/kvdefinekeys.sty
Package: kvdefinekeys 2019-12-19 v1.6 Define keys (HO)
) (c:/texlive/2024/texmf-dist/tex/generic/pdfescape/pdfescape.sty
Package: pdfescape 2019/12/09 v1.15 Implements pdfTeX's escape features (HO)
 (c:/texlive/2024/texmf-dist/tex/generic/ltxcmds/ltxcmds.sty
Package: ltxcmds 2023-12-04 v1.26 LaTeX kernel commands for general use (HO)
) (c:/texlive/2024/texmf-dist/tex/generic/pdftexcmds/pdftexcmds.sty
Package: pdftexcmds 2020-06-27 v0.33 Utility functions of pdfTeX for LuaTeX (HO)
 (c:/texlive/2024/texmf-dist/tex/generic/infwarerr/infwarerr.sty
Package: infwarerr 2019/12/03 v1.5 Providing info/warning/error messages (HO)
)
Package pdftexcmds Info: \pdf@primitive is available.
Package pdftexcmds Info: \pdf@ifprimitive is available.
Package pdftexcmds Info: \pdfdraftmode not found.
)) (c:/texlive/2024/texmf-dist/tex/latex/hycolor/hycolor.sty
Package: hycolor 2020-01-27 v1.10 Color options for hyperref/bookmark (HO)
) (c:/texlive/2024/texmf-dist/tex/latex/auxhook/auxhook.sty
Package: auxhook 2019-12-17 v1.6 Hooks for auxiliary files (HO)
) (c:/texlive/2024/texmf-dist/tex/latex/hyperref/nameref.sty
Package: nameref 2023-11-26 v2.56 Cross-referencing by name of section
 (c:/texlive/2024/texmf-dist/tex/latex/refcount/refcount.sty
Package: refcount 2019/12/15 v3.6 Data extraction from label references (HO)
) (c:/texlive/2024/texmf-dist/tex/generic/gettitlestring/gettitlestring.sty
Package: gettitlestring 2019/12/15 v1.6 Cleanup title references (HO)
 (c:/texlive/2024/texmf-dist/tex/latex/kvoptions/kvoptions.sty
Package: kvoptions 2022-06-15 v3.15 Key value format for package options (HO)
))
\c@section@level=\count312
)
\@linkdim=\dimen171
\Hy@linkcounter=\count313
\Hy@pagecounter=\count314
 (c:/texlive/2024/texmf-dist/tex/latex/hyperref/pd1enc.def
File: pd1enc.def 2024-01-20 v7.01h Hyperref: PDFDocEncoding definition (HO)
) (c:/texlive/2024/texmf-dist/tex/generic/intcalc/intcalc.sty
Package: intcalc 2019/12/15 v1.3 Expandable calculations with integers (HO)
)
\Hy@SavedSpaceFactor=\count315
 (c:/texlive/2024/texmf-dist/tex/latex/hyperref/puenc.def
File: puenc.def 2024-01-20 v7.01h Hyperref: PDF Unicode definition (HO)
)
Package hyperref Info: Option `final' set `true' on input line 4062.
Package hyperref Info: Option `colorlinks' set `true' on input line 4062.
Package hyperref Info: Hyper figures OFF on input line 4179.
Package hyperref Info: Link nesting OFF on input line 4184.
Package hyperref Info: Hyper index ON on input line 4187.
Package hyperref Info: Plain pages OFF on input line 4194.
Package hyperref Info: Backreferencing OFF on input line 4199.
Package hyperref Info: Implicit mode ON; LaTeX internals redefined.
Package hyperref Info: Bookmarks ON on input line 4446.
\c@Hy@tempcnt=\count316
 (c:/texlive/2024/texmf-dist/tex/latex/url/url.sty
\Urlmuskip=\muskip18
Package: url 2013/09/16  ver 3.4  Verb mode for urls, etc.
)
LaTeX Info: Redefining \url on input line 4784.
\XeTeXLinkMargin=\dimen172
 (c:/texlive/2024/texmf-dist/tex/generic/bitset/bitset.sty
Package: bitset 2019/12/09 v1.3 Handle bit-vector datatype (HO)
 (c:/texlive/2024/texmf-dist/tex/generic/bigintcalc/bigintcalc.sty
Package: bigintcalc 2019/12/15 v1.5 Expandable calculations on big integers (HO)
))
\Fld@menulength=\count317
\Field@Width=\dimen173
\Fld@charsize=\dimen174
Package hyperref Info: Hyper figures OFF on input line 6063.
Package hyperref Info: Link nesting OFF on input line 6068.
Package hyperref Info: Hyper index ON on input line 6071.
Package hyperref Info: backreferencing OFF on input line 6078.
Package hyperref Info: Link coloring ON on input line 6081.
Package hyperref Info: Link coloring with OCG OFF on input line 6088.
Package hyperref Info: PDF/A mode OFF on input line 6093.
 (c:/texlive/2024/texmf-dist/tex/latex/base/atbegshi-ltx.sty
Package: atbegshi-ltx 2021/01/10 v1.0c Emulation of the original atbegshi
package with kernel methods
)
\Hy@abspage=\count318
\c@Item=\count319
\c@Hfootnote=\count320
)
Package hyperref Info: Driver (autodetected): hxetex.
 (c:/texlive/2024/texmf-dist/tex/latex/hyperref/hxetex.def
File: hxetex.def 2024-01-20 v7.01h Hyperref driver for XeTeX
 (c:/texlive/2024/texmf-dist/tex/generic/stringenc/stringenc.sty
Package: stringenc 2019/11/29 v1.12 Convert strings between diff. encodings (HO)
)
\pdfm@box=\box66
\c@Hy@AnnotLevel=\count321
\HyField@AnnotCount=\count322
\Fld@listcount=\count323
\c@bookmark@seq@number=\count324
 (c:/texlive/2024/texmf-dist/tex/latex/rerunfilecheck/rerunfilecheck.sty
Package: rerunfilecheck 2022-07-10 v1.10 Rerun checks for auxiliary files (HO)
 (c:/texlive/2024/texmf-dist/tex/latex/base/atveryend-ltx.sty
Package: atveryend-ltx 2020/08/19 v1.0a Emulation of the original atveryend package
with kernel methods
) (c:/texlive/2024/texmf-dist/tex/generic/uniquecounter/uniquecounter.sty
Package: uniquecounter 2019/12/15 v1.4 Provide unlimited unique counter (HO)
)
Package uniquecounter Info: New unique counter `rerunfilecheck' on input line 285.
)
\Hy@SectionHShift=\skip65
) (c:/texlive/2024/texmf-dist/tex/latex/booktabs/booktabs.sty
Package: booktabs 2020/01/12 v1.61803398 Publication quality tables
\heavyrulewidth=\dimen175
\lightrulewidth=\dimen176
\cmidrulewidth=\dimen177
\belowrulesep=\dimen178
\belowbottomsep=\dimen179
\aboverulesep=\dimen180
\abovetopsep=\dimen181
\cmidrulesep=\dimen182
\cmidrulekern=\dimen183
\defaultaddspace=\dimen184
\@cmidla=\count325
\@cmidlb=\count326
\@aboverulesep=\dimen185
\@belowrulesep=\dimen186
\@thisruleclass=\count327
\@lastruleclass=\count328
\@thisrulewidth=\dimen187
) (c:/texlive/2024/texmf-dist/tex/latex/enumitem/enumitem.sty
Package: enumitem 2019/06/20 v3.9 Customized lists
\enitkv@toks@=\toks31
\labelindent=\skip66
\enit@outerparindent=\dimen188
\enit@toks=\toks32
\enit@inbox=\box67
\enit@count@id=\count329
\enitdp@description=\count330
) (c:/texlive/2024/texmf-dist/tex/latex/tools/afterpage.sty
Package: afterpage 2023/07/04 v1.08 After-Page Package (DPC)
\AP@output=\toks33
\AP@partial=\box68
\AP@footins=\box69
) (c:/texlive/2024/texmf-dist/tex/latex/pdflscape/pdflscape.sty
Package: pdflscape 2022-10-27 v0.13 Display of landscape pages in PDF
 (c:/texlive/2024/texmf-dist/tex/latex/pdflscape/pdflscape-nometadata.sty
Package: pdflscape-nometadata 2022-10-28 v0.13 Display of landscape pages in PDF (HO)
 (c:/texlive/2024/texmf-dist/tex/latex/graphics/lscape.sty
Package: lscape 2020/05/28 v3.02 Landscape Pages (DPC)
)
Package pdflscape Info: Auto-detected driver: dvipdfm (xetex) on input line 98.
)) (c:/texlive/2024/texmf-dist/tex/latex/multirow/multirow.sty
Package: multirow 2021/03/15 v2.8 Span multiple rows of a table
\multirow@colwidth=\skip67
\multirow@cntb=\count331
\multirow@dima=\skip68
\bigstrutjot=\dimen189
) (c:/texlive/2024/texmf-dist/tex/latex/pgfplots/pgfplots.sty (c:/texlive/2024/texmf-dist/tex/generic/pgfplots/pgfplots.revision.tex)
Package: pgfplots 2021/05/15 v1.18.1 Data Visualization (1.18.1)
 (c:/texlive/2024/texmf-dist/tex/latex/pgf/frontendlayer/tikz.sty (c:/texlive/2024/texmf-dist/tex/latex/pgf/basiclayer/pgf.sty (c:/texlive/2024/texmf-dist/tex/latex/pgf/utilities/pgfrcs.sty (c:/texlive/2024/texmf-dist/tex/generic/pgf/utilities/pgfutil-common.tex
\pgfutil@everybye=\toks34
\pgfutil@tempdima=\dimen190
\pgfutil@tempdimb=\dimen191
) (c:/texlive/2024/texmf-dist/tex/generic/pgf/utilities/pgfutil-latex.def
\pgfutil@abb=\box70
) (c:/texlive/2024/texmf-dist/tex/generic/pgf/utilities/pgfrcs.code.tex (c:/texlive/2024/texmf-dist/tex/generic/pgf/pgf.revision.tex)
Package: pgfrcs 2023-01-15 v3.1.10 (3.1.10)
))
Package: pgf 2023-01-15 v3.1.10 (3.1.10)
 (c:/texlive/2024/texmf-dist/tex/latex/pgf/basiclayer/pgfcore.sty (c:/texlive/2024/texmf-dist/tex/latex/pgf/systemlayer/pgfsys.sty (c:/texlive/2024/texmf-dist/tex/generic/pgf/systemlayer/pgfsys.code.tex
Package: pgfsys 2023-01-15 v3.1.10 (3.1.10)
 (c:/texlive/2024/texmf-dist/tex/generic/pgf/utilities/pgfkeys.code.tex
\pgfkeys@pathtoks=\toks35
\pgfkeys@temptoks=\toks36
 (c:/texlive/2024/texmf-dist/tex/generic/pgf/utilities/pgfkeyslibraryfiltered.code.tex
\pgfkeys@tmptoks=\toks37
))
\pgf@x=\dimen192
\pgf@y=\dimen193
\pgf@xa=\dimen194
\pgf@ya=\dimen195
\pgf@xb=\dimen196
\pgf@yb=\dimen197
\pgf@xc=\dimen198
\pgf@yc=\dimen199
\pgf@xd=\dimen256
\pgf@yd=\dimen257
\w@pgf@writea=\write3
\r@pgf@reada=\read2
\c@pgf@counta=\count332
\c@pgf@countb=\count333
\c@pgf@countc=\count334
\c@pgf@countd=\count335
\t@pgf@toka=\toks38
\t@pgf@tokb=\toks39
\t@pgf@tokc=\toks40
\pgf@sys@id@count=\count336
 (c:/texlive/2024/texmf-dist/tex/generic/pgf/systemlayer/pgf.cfg
File: pgf.cfg 2023-01-15 v3.1.10 (3.1.10)
)
Driver file for pgf: pgfsys-xetex.def
 (c:/texlive/2024/texmf-dist/tex/generic/pgf/systemlayer/pgfsys-xetex.def
File: pgfsys-xetex.def 2023-01-15 v3.1.10 (3.1.10)
 (c:/texlive/2024/texmf-dist/tex/generic/pgf/systemlayer/pgfsys-dvipdfmx.def
File: pgfsys-dvipdfmx.def 2023-01-15 v3.1.10 (3.1.10)
 (c:/texlive/2024/texmf-dist/tex/generic/pgf/systemlayer/pgfsys-common-pdf.def
File: pgfsys-common-pdf.def 2023-01-15 v3.1.10 (3.1.10)
)
\pgfsys@objnum=\count337
))) (c:/texlive/2024/texmf-dist/tex/generic/pgf/systemlayer/pgfsyssoftpath.code.tex
File: pgfsyssoftpath.code.tex 2023-01-15 v3.1.10 (3.1.10)
\pgfsyssoftpath@smallbuffer@items=\count338
\pgfsyssoftpath@bigbuffer@items=\count339
) (c:/texlive/2024/texmf-dist/tex/generic/pgf/systemlayer/pgfsysprotocol.code.tex
File: pgfsysprotocol.code.tex 2023-01-15 v3.1.10 (3.1.10)
)) (c:/texlive/2024/texmf-dist/tex/generic/pgf/basiclayer/pgfcore.code.tex
Package: pgfcore 2023-01-15 v3.1.10 (3.1.10)
 (c:/texlive/2024/texmf-dist/tex/generic/pgf/math/pgfmath.code.tex (c:/texlive/2024/texmf-dist/tex/generic/pgf/math/pgfmathutil.code.tex) (c:/texlive/2024/texmf-dist/tex/generic/pgf/math/pgfmathparser.code.tex
\pgfmath@dimen=\dimen258
\pgfmath@count=\count340
\pgfmath@box=\box71
\pgfmath@toks=\toks41
\pgfmath@stack@operand=\toks42
\pgfmath@stack@operation=\toks43
) (c:/texlive/2024/texmf-dist/tex/generic/pgf/math/pgfmathfunctions.code.tex) (c:/texlive/2024/texmf-dist/tex/generic/pgf/math/pgfmathfunctions.basic.code.tex) (c:/texlive/2024/texmf-dist/tex/generic/pgf/math/pgfmathfunctions.trigonometric.code.tex) (c:/texlive/2024/texmf-dist/tex/generic/pgf/math/pgfmathfunctions.random.code.tex) (c:/texlive/2024/texmf-dist/tex/generic/pgf/math/pgfmathfunctions.comparison.code.tex) (c:/texlive/2024/texmf-dist/tex/generic/pgf/math/pgfmathfunctions.base.code.tex) (c:/texlive/2024/texmf-dist/tex/generic/pgf/math/pgfmathfunctions.round.code.tex) (c:/texlive/2024/texmf-dist/tex/generic/pgf/math/pgfmathfunctions.misc.code.tex) (c:/texlive/2024/texmf-dist/tex/generic/pgf/math/pgfmathfunctions.integerarithmetics.code.tex) (c:/texlive/2024/texmf-dist/tex/generic/pgf/math/pgfmathcalc.code.tex) (c:/texlive/2024/texmf-dist/tex/generic/pgf/math/pgfmathfloat.code.tex
\c@pgfmathroundto@lastzeros=\count341
)) (c:/texlive/2024/texmf-dist/tex/generic/pgf/math/pgfint.code.tex) (c:/texlive/2024/texmf-dist/tex/generic/pgf/basiclayer/pgfcorepoints.code.tex
File: pgfcorepoints.code.tex 2023-01-15 v3.1.10 (3.1.10)
\pgf@picminx=\dimen259
\pgf@picmaxx=\dimen260
\pgf@picminy=\dimen261
\pgf@picmaxy=\dimen262
\pgf@pathminx=\dimen263
\pgf@pathmaxx=\dimen264
\pgf@pathminy=\dimen265
\pgf@pathmaxy=\dimen266
\pgf@xx=\dimen267
\pgf@xy=\dimen268
\pgf@yx=\dimen269
\pgf@yy=\dimen270
\pgf@zx=\dimen271
\pgf@zy=\dimen272
) (c:/texlive/2024/texmf-dist/tex/generic/pgf/basiclayer/pgfcorepathconstruct.code.tex
File: pgfcorepathconstruct.code.tex 2023-01-15 v3.1.10 (3.1.10)
\pgf@path@lastx=\dimen273
\pgf@path@lasty=\dimen274
) (c:/texlive/2024/texmf-dist/tex/generic/pgf/basiclayer/pgfcorepathusage.code.tex
File: pgfcorepathusage.code.tex 2023-01-15 v3.1.10 (3.1.10)
\pgf@shorten@end@additional=\dimen275
\pgf@shorten@start@additional=\dimen276
) (c:/texlive/2024/texmf-dist/tex/generic/pgf/basiclayer/pgfcorescopes.code.tex
File: pgfcorescopes.code.tex 2023-01-15 v3.1.10 (3.1.10)
\pgfpic=\box72
\pgf@hbox=\box73
\pgf@layerbox@main=\box74
\pgf@picture@serial@count=\count342
) (c:/texlive/2024/texmf-dist/tex/generic/pgf/basiclayer/pgfcoregraphicstate.code.tex
File: pgfcoregraphicstate.code.tex 2023-01-15 v3.1.10 (3.1.10)
\pgflinewidth=\dimen277
) (c:/texlive/2024/texmf-dist/tex/generic/pgf/basiclayer/pgfcoretransformations.code.tex
File: pgfcoretransformations.code.tex 2023-01-15 v3.1.10 (3.1.10)
\pgf@pt@x=\dimen278
\pgf@pt@y=\dimen279
\pgf@pt@temp=\dimen280
) (c:/texlive/2024/texmf-dist/tex/generic/pgf/basiclayer/pgfcorequick.code.tex
File: pgfcorequick.code.tex 2023-01-15 v3.1.10 (3.1.10)
) (c:/texlive/2024/texmf-dist/tex/generic/pgf/basiclayer/pgfcoreobjects.code.tex
File: pgfcoreobjects.code.tex 2023-01-15 v3.1.10 (3.1.10)
) (c:/texlive/2024/texmf-dist/tex/generic/pgf/basiclayer/pgfcorepathprocessing.code.tex
File: pgfcorepathprocessing.code.tex 2023-01-15 v3.1.10 (3.1.10)
) (c:/texlive/2024/texmf-dist/tex/generic/pgf/basiclayer/pgfcorearrows.code.tex
File: pgfcorearrows.code.tex 2023-01-15 v3.1.10 (3.1.10)
\pgfarrowsep=\dimen281
) (c:/texlive/2024/texmf-dist/tex/generic/pgf/basiclayer/pgfcoreshade.code.tex
File: pgfcoreshade.code.tex 2023-01-15 v3.1.10 (3.1.10)
\pgf@max=\dimen282
\pgf@sys@shading@range@num=\count343
\pgf@shadingcount=\count344
) (c:/texlive/2024/texmf-dist/tex/generic/pgf/basiclayer/pgfcoreimage.code.tex
File: pgfcoreimage.code.tex 2023-01-15 v3.1.10 (3.1.10)
) (c:/texlive/2024/texmf-dist/tex/generic/pgf/basiclayer/pgfcoreexternal.code.tex
File: pgfcoreexternal.code.tex 2023-01-15 v3.1.10 (3.1.10)
\pgfexternal@startupbox=\box75
) (c:/texlive/2024/texmf-dist/tex/generic/pgf/basiclayer/pgfcorelayers.code.tex
File: pgfcorelayers.code.tex 2023-01-15 v3.1.10 (3.1.10)
) (c:/texlive/2024/texmf-dist/tex/generic/pgf/basiclayer/pgfcoretransparency.code.tex
File: pgfcoretransparency.code.tex 2023-01-15 v3.1.10 (3.1.10)
) (c:/texlive/2024/texmf-dist/tex/generic/pgf/basiclayer/pgfcorepatterns.code.tex
File: pgfcorepatterns.code.tex 2023-01-15 v3.1.10 (3.1.10)
) (c:/texlive/2024/texmf-dist/tex/generic/pgf/basiclayer/pgfcorerdf.code.tex
File: pgfcorerdf.code.tex 2023-01-15 v3.1.10 (3.1.10)
))) (c:/texlive/2024/texmf-dist/tex/generic/pgf/modules/pgfmoduleshapes.code.tex
File: pgfmoduleshapes.code.tex 2023-01-15 v3.1.10 (3.1.10)
\pgfnodeparttextbox=\box76
) (c:/texlive/2024/texmf-dist/tex/generic/pgf/modules/pgfmoduleplot.code.tex
File: pgfmoduleplot.code.tex 2023-01-15 v3.1.10 (3.1.10)
) (c:/texlive/2024/texmf-dist/tex/latex/pgf/compatibility/pgfcomp-version-0-65.sty
Package: pgfcomp-version-0-65 2023-01-15 v3.1.10 (3.1.10)
\pgf@nodesepstart=\dimen283
\pgf@nodesepend=\dimen284
) (c:/texlive/2024/texmf-dist/tex/latex/pgf/compatibility/pgfcomp-version-1-18.sty
Package: pgfcomp-version-1-18 2023-01-15 v3.1.10 (3.1.10)
)) (c:/texlive/2024/texmf-dist/tex/latex/pgf/utilities/pgffor.sty (c:/texlive/2024/texmf-dist/tex/latex/pgf/utilities/pgfkeys.sty (c:/texlive/2024/texmf-dist/tex/generic/pgf/utilities/pgfkeys.code.tex)) (c:/texlive/2024/texmf-dist/tex/latex/pgf/math/pgfmath.sty (c:/texlive/2024/texmf-dist/tex/generic/pgf/math/pgfmath.code.tex)) (c:/texlive/2024/texmf-dist/tex/generic/pgf/utilities/pgffor.code.tex
Package: pgffor 2023-01-15 v3.1.10 (3.1.10)
\pgffor@iter=\dimen285
\pgffor@skip=\dimen286
\pgffor@stack=\toks44
\pgffor@toks=\toks45
)) (c:/texlive/2024/texmf-dist/tex/generic/pgf/frontendlayer/tikz/tikz.code.tex
Package: tikz 2023-01-15 v3.1.10 (3.1.10)
 (c:/texlive/2024/texmf-dist/tex/generic/pgf/libraries/pgflibraryplothandlers.code.tex
File: pgflibraryplothandlers.code.tex 2023-01-15 v3.1.10 (3.1.10)
\pgf@plot@mark@count=\count345
\pgfplotmarksize=\dimen287
)
\tikz@lastx=\dimen288
\tikz@lasty=\dimen289
\tikz@lastxsaved=\dimen290
\tikz@lastysaved=\dimen291
\tikz@lastmovetox=\dimen292
\tikz@lastmovetoy=\dimen293
\tikzleveldistance=\dimen294
\tikzsiblingdistance=\dimen295
\tikz@figbox=\box77
\tikz@figbox@bg=\box78
\tikz@tempbox=\box79
\tikz@tempbox@bg=\box80
\tikztreelevel=\count346
\tikznumberofchildren=\count347
\tikznumberofcurrentchild=\count348
\tikz@fig@count=\count349
 (c:/texlive/2024/texmf-dist/tex/generic/pgf/modules/pgfmodulematrix.code.tex
File: pgfmodulematrix.code.tex 2023-01-15 v3.1.10 (3.1.10)
\pgfmatrixcurrentrow=\count350
\pgfmatrixcurrentcolumn=\count351
\pgf@matrix@numberofcolumns=\count352
)
\tikz@expandcount=\count353
 (c:/texlive/2024/texmf-dist/tex/generic/pgf/frontendlayer/tikz/libraries/tikzlibrarytopaths.code.tex
File: tikzlibrarytopaths.code.tex 2023-01-15 v3.1.10 (3.1.10)
))) (c:/texlive/2024/texmf-dist/tex/generic/pgfplots/pgfplots.code.tex (c:/texlive/2024/texmf-dist/tex/generic/pgfplots/pgfplotscore.code.tex
\t@pgfplots@toka=\toks46
\t@pgfplots@tokb=\toks47
\t@pgfplots@tokc=\toks48
\pgfplots@tmpa=\dimen296
\c@pgfplots@coordindex=\count354
\c@pgfplots@scanlineindex=\count355
 (c:/texlive/2024/texmf-dist/tex/generic/pgfplots/sys/pgfplotssysgeneric.code.tex))
(c:/texlive/2024/texmf-dist/tex/generic/pgfplots/libs/pgfplotslibrary.code.tex) (c:/texlive/2024/texmf-dist/tex/generic/pgfplots/oldpgfcompatib/pgfplotsoldpgfsupp_loader.code.tex (c:/texlive/2024/texmf-dist/tex/generic/pgf/libraries/pgflibraryfpu.code.tex)
Package pgfplots: loading complementary utilities for your pgf version...
\t@pgf@toka=\toks49
\t@pgf@tokb=\toks50
\t@pgf@tokc=\toks51
(c:/texlive/2024/texmf-dist/tex/generic/pgfplots/oldpgfcompatib/pgfplotsoldpgfsupp_pgfutil-common-lists.tex)) (c:/texlive/2024/texmf-dist/tex/generic/pgfplots/util/pgfplotsutil.code.tex (c:/texlive/2024/texmf-dist/tex/generic/pgfplots/liststructure/pgfplotsliststructure.code.tex) (c:/texlive/2024/texmf-dist/tex/generic/pgfplots/liststructure/pgfplotsliststructureext.code.tex) (c:/texlive/2024/texmf-dist/tex/generic/pgfplots/liststructure/pgfplotsarray.code.tex
\c@pgfplotsarray@tmp=\count356
) (c:/texlive/2024/texmf-dist/tex/generic/pgfplots/liststructure/pgfplotsmatrix.code.tex) (c:/texlive/2024/texmf-dist/tex/generic/pgfplots/numtable/pgfplotstableshared.code.tex
\c@pgfplotstable@counta=\count357
\t@pgfplotstable@a=\toks52
) (c:/texlive/2024/texmf-dist/tex/generic/pgfplots/liststructure/pgfplotsdeque.code.tex) (c:/texlive/2024/texmf-dist/tex/generic/pgfplots/util/pgfplotsbinary.code.tex (c:/texlive/2024/texmf-dist/tex/generic/pgfplots/util/pgfplotsbinary.data.code.tex)) (c:/texlive/2024/texmf-dist/tex/generic/pgfplots/util/pgfplotsutil.verb.code.tex) (c:/texlive/2024/texmf-dist/tex/generic/pgfplots/libs/pgflibrarypgfplots.surfshading.code.tex
\c@pgfplotslibrarysurf@no=\count358
 (c:/texlive/2024/texmf-dist/tex/generic/pgfplots/sys/pgflibrarypgfplots.surfshading.pgfsys-xetex.def (c:/texlive/2024/texmf-dist/tex/generic/pgfplots/sys/pgflibrarypgfplots.surfshading.pgfsys-dvipdfmx.def
\c@pgfplotslibrarysurf@streamlen=\count359
)))) (c:/texlive/2024/texmf-dist/tex/generic/pgfplots/util/pgfplotscolormap.code.tex (c:/texlive/2024/texmf-dist/tex/generic/pgfplots/util/pgfplotscolor.code.tex)) (c:/texlive/2024/texmf-dist/tex/generic/pgfplots/pgfplotsstackedplots.code.tex) (c:/texlive/2024/texmf-dist/tex/generic/pgfplots/pgfplotsplothandlers.code.tex (c:/texlive/2024/texmf-dist/tex/generic/pgfplots/pgfplotsmeshplothandler.code.tex (c:/texlive/2024/texmf-dist/tex/generic/pgfplots/pgfplotsmeshplotimage.code.tex))) (c:/texlive/2024/texmf-dist/tex/generic/pgfplots/pgfplots.scaling.code.tex) (c:/texlive/2024/texmf-dist/tex/generic/pgfplots/pgfplotscoordprocessing.code.tex) (c:/texlive/2024/texmf-dist/tex/generic/pgfplots/pgfplots.errorbars.code.tex) (c:/texlive/2024/texmf-dist/tex/generic/pgfplots/pgfplots.markers.code.tex) (c:/texlive/2024/texmf-dist/tex/generic/pgfplots/pgfplotsticks.code.tex) (c:/texlive/2024/texmf-dist/tex/generic/pgfplots/pgfplots.paths.code.tex) (c:/texlive/2024/texmf-dist/tex/generic/pgf/frontendlayer/tikz/libraries/tikzlibrarydecorations.code.tex (c:/texlive/2024/texmf-dist/tex/generic/pgf/modules/pgfmoduledecorations.code.tex
\pgfdecoratedcompleteddistance=\dimen297
\pgfdecoratedremainingdistance=\dimen298
\pgfdecoratedinputsegmentcompleteddistance=\dimen299
\pgfdecoratedinputsegmentremainingdistance=\dimen300
\pgf@decorate@distancetomove=\dimen301
\pgf@decorate@repeatstate=\count360
\pgfdecorationsegmentamplitude=\dimen302
\pgfdecorationsegmentlength=\dimen303
)
\tikz@lib@dec@box=\box81
) (c:/texlive/2024/texmf-dist/tex/generic/pgf/frontendlayer/tikz/libraries/tikzlibrarydecorations.pathmorphing.code.tex (c:/texlive/2024/texmf-dist/tex/generic/pgf/libraries/decorations/pgflibrarydecorations.pathmorphing.code.tex)) (c:/texlive/2024/texmf-dist/tex/generic/pgf/frontendlayer/tikz/libraries/tikzlibrarydecorations.pathreplacing.code.tex (c:/texlive/2024/texmf-dist/tex/generic/pgf/libraries/decorations/pgflibrarydecorations.pathreplacing.code.tex)) (c:/texlive/2024/texmf-dist/tex/generic/pgfplots/libs/tikzlibrarypgfplots.contourlua.code.tex)
\pgfplots@numplots=\count361
\pgfplots@xmin@reg=\dimen304
\pgfplots@xmax@reg=\dimen305
\pgfplots@ymin@reg=\dimen306
\pgfplots@ymax@reg=\dimen307
\pgfplots@zmin@reg=\dimen308
\pgfplots@zmax@reg=\dimen309
) (c:/texlive/2024/texmf-dist/tex/generic/pgf/frontendlayer/tikz/libraries/tikzlibraryplotmarks.code.tex
File: tikzlibraryplotmarks.code.tex 2023-01-15 v3.1.10 (3.1.10)
 (c:/texlive/2024/texmf-dist/tex/generic/pgf/libraries/pgflibraryplotmarks.code.tex
File: pgflibraryplotmarks.code.tex 2023-01-15 v3.1.10 (3.1.10)
))) (c:/texlive/2024/texmf-dist/tex/latex/float/float.sty
Package: float 2001/11/08 v1.3d Float enhancements (AL)
\c@float@type=\count362
\float@exts=\toks53
\float@box=\box82
\@float@everytoks=\toks54
\@floatcapt=\box83
) (c:/texlive/2024/texmf-dist/tex/latex/minted/minted.sty
Package: minted 2023/12/18 v2.9 Yet another Pygments shim for LaTeX
 (c:/texlive/2024/texmf-dist/tex/latex/fvextra/fvextra.sty
Package: fvextra 2023/11/28 v1.6.1 fvextra - extensions and patches for fancyvrb
 (c:/texlive/2024/texmf-dist/tex/latex/fancyvrb/fancyvrb.sty
Package: fancyvrb 2024/01/20 4.5c verbatim text (tvz,hv)
\FV@CodeLineNo=\count363
\FV@InFile=\read3
\FV@TabBox=\box84
\c@FancyVerbLine=\count364
\FV@StepNumber=\count365
\FV@OutFile=\write4
) (c:/texlive/2024/texmf-dist/tex/latex/upquote/upquote.sty
Package: upquote 2012/04/19 v1.3 upright-quote and grave-accent glyphs in verbatim
 (c:/texlive/2024/texmf-dist/tex/latex/base/textcomp.sty
Package: textcomp 2020/02/02 v2.0n Standard LaTeX package
)) (c:/texlive/2024/texmf-dist/tex/latex/lineno/lineno.sty
Package: lineno 2023/05/20 line numbers on paragraphs v5.3
Invalid UTF-8 byte or sequence at line 292 replaced by U+FFFD.
\linenopenalty=\count366
\output=\toks55
\linenoprevgraf=\count367
\linenumbersep=\dimen310
\linenumberwidth=\dimen311
\c@linenumber=\count368
\c@pagewiselinenumber=\count369
\c@LN@truepage=\count370
\c@internallinenumber=\count371
\c@internallinenumbers=\count372
\quotelinenumbersep=\dimen312
\bframerule=\dimen313
\bframesep=\dimen314
\bframebox=\box85
\linenoamsmath@ams@eqpen=\count373
LaTeX Info: Redefining \\ on input line 3180.
)
\c@FancyVerbWriteLine=\count374
\c@FancyVerbBufferIndex=\count375
\c@FancyVerbBufferLength=\count376
\c@FancyVerbBufferLine=\count377
\c@FV@oldbufferlength=\count378
\c@FV@TrueTabGroupLevel=\count379
\c@FV@TrueTabCounter=\count380
\FV@TabBox@Group=\box86
\FV@TmpLength=\skip69
\c@FV@HighlightLinesStart=\count381
\c@FV@HighlightLinesStop=\count382
\FV@LoopCount=\count383
\FV@NCharsBox=\box87
\FV@BreakIndent=\dimen315
\FV@BreakIndentNChars=\count384
\FV@BreakSymbolSepLeft=\dimen316
\FV@BreakSymbolSepLeftNChars=\count385
\FV@BreakSymbolSepRight=\dimen317
\FV@BreakSymbolSepRightNChars=\count386
\FV@BreakSymbolIndentLeft=\dimen318
\FV@BreakSymbolIndentLeftNChars=\count387
\FV@BreakSymbolIndentRight=\dimen319
\FV@BreakSymbolIndentRightNChars=\count388
\c@FancyVerbLineBreakLast=\count389
\FV@LineBox=\box88
\FV@LineIndentBox=\box89
\c@FV@BreakBufferDepth=\count390
\FV@LineWidth=\dimen320
) (c:/texlive/2024/texmf-dist/tex/latex/tools/shellesc.sty
Package: shellesc 2023/07/08 v1.0d unified shell escape interface for LaTeX
Package shellesc Info: Unrestricted shell escape enabled on input line 75.
) (c:/texlive/2024/texmf-dist/tex/latex/ifplatform/ifplatform.sty
Package: ifplatform 2017/10/13 v0.4a Testing for the operating system
 (c:/texlive/2024/texmf-dist/tex/generic/catchfile/catchfile.sty
Package: catchfile 2019/12/09 v1.8 Catch the contents of a file (HO)
 (c:/texlive/2024/texmf-dist/tex/generic/etexcmds/etexcmds.sty
Package: etexcmds 2019/12/15 v1.7 Avoid name clashes with e-TeX commands (HO)
)) (c:/texlive/2024/texmf-dist/tex/generic/iftex/ifluatex.sty
Package: ifluatex 2019/10/25 v1.5 ifluatex legacy package. Use iftex instead.
)) (c:/texlive/2024/texmf-dist/tex/generic/xstring/xstring.sty (c:/texlive/2024/texmf-dist/tex/generic/xstring/xstring.tex
\xs_counta=\count391
\xs_countb=\count392
)
Package: xstring 2023/08/22 v1.86 String manipulations (CT)
) (c:/texlive/2024/texmf-dist/tex/latex/framed/framed.sty
Package: framed 2011/10/22 v 0.96: framed or shaded text with page breaks
\OuterFrameSep=\skip70
\fb@frw=\dimen321
\fb@frh=\dimen322
\FrameRule=\dimen323
\FrameSep=\dimen324
)
\minted@appexistsfile=\read4
\minted@bgbox=\box90
\minted@code=\write5
\c@minted@FancyVerbLineTemp=\count393
\c@minted@pygmentizecounter=\count394
\@float@every@listing=\toks56
\c@listing=\count395
)
runsystem(if not exist _minted-myReport mkdir _minted-myReport)...executed.

runsystem(for ^%i in (pygmentize.exe pygmentize.bat pygmentize.cmd) do set > myReport.aex <nul: /p x=^%~$PATH:i>> myReport.aex)...executed.

runsystem(del myReport.aex)...executed.

 (./myReport.aux (./chapters/frontmatter.aux) (./chapters/intro.aux) (./chapters/background.aux) (./chapters/approach.aux) (./chapters/eval.aux) (./chapters/conclusion.aux) (./chapters/appendix.aux))
\openout1 = `myReport.aux'.

LaTeX Font Info:    Checking defaults for OML/cmm/m/it on input line 44.
LaTeX Font Info:    ... okay on input line 44.
LaTeX Font Info:    Checking defaults for OMS/cmsy/m/n on input line 44.
LaTeX Font Info:    ... okay on input line 44.
LaTeX Font Info:    Checking defaults for OT1/cmr/m/n on input line 44.
LaTeX Font Info:    ... okay on input line 44.
LaTeX Font Info:    Checking defaults for T1/cmr/m/n on input line 44.
LaTeX Font Info:    ... okay on input line 44.
LaTeX Font Info:    Checking defaults for TS1/cmr/m/n on input line 44.
LaTeX Font Info:    ... okay on input line 44.
LaTeX Font Info:    Checking defaults for TU/lmr/m/n on input line 44.
LaTeX Font Info:    ... okay on input line 44.
LaTeX Font Info:    Checking defaults for OMX/cmex/m/n on input line 44.
LaTeX Font Info:    ... okay on input line 44.
LaTeX Font Info:    Checking defaults for U/cmr/m/n on input line 44.
LaTeX Font Info:    ... okay on input line 44.
LaTeX Font Info:    Checking defaults for PD1/pdf/m/n on input line 44.
LaTeX Font Info:    ... okay on input line 44.
LaTeX Font Info:    Checking defaults for PU/pdf/m/n on input line 44.
LaTeX Font Info:    ... okay on input line 44.
LaTeX Font Info:    Overwriting math alphabet `\mathsf' in version `normal'
(Font)                  OT1/cmss/m/n --> TU/TeXGyreHeros(0)/m/n on input line 44.
LaTeX Font Info:    Overwriting math alphabet `\mathsf' in version `bold'
(Font)                  OT1/cmss/bx/n --> TU/TeXGyreHeros(0)/b/n on input line 44.
LaTeX Font Info:    Overwriting math alphabet `\mathtt' in version `normal'
(Font)                  OT1/cmtt/m/n --> TU/Inconsolata(0)/m/n on input line 44.
LaTeX Font Info:    Overwriting math alphabet `\mathtt' in version `bold'
(Font)                  OT1/cmtt/m/n --> TU/Inconsolata(0)/b/n on input line 44.
Package hyperref Info: Link coloring ON on input line 44.
 (./myReport.out) (./myReport.out)
\@outlinefile=\write6
\openout6 = `myReport.out'.



Package pgfplots Warning: running in backwards compatibility mode (unsuitable tick labels; missing features). Consider writing \pgfplotsset{compat=1.18} into your preamble.
 on input line 44.

LaTeX Info: Redefining \rmfamily on input line 44.
LaTeX Info: Redefining \sffamily on input line 44.
LaTeX Info: Redefining \ttfamily on input line 44.
\openout2 = `chapters/frontmatter.aux'.

(./chapters/frontmatter.tex
Title page
LaTeX Font Info:    Font shape `TU/TeXGyreTermes(0)/m/n' will be
(Font)              scaled to size 13.4089pt on input line 2.
LaTeX Font Info:    Font shape `TU/TeXGyreTermes(0)/b/n' will be
(Font)              scaled to size 13.0889pt on input line 2.
LaTeX Font Info:    Calculating math sizes for size <14> on input line 2.
LaTeX Font Info:    Font shape `TU/TeXGyreTermesMath(2)/m/n' will be
(Font)              scaled to size 14.0015pt on input line 2.
LaTeX Font Info:    Font shape `TU/TeXGyreTermesMath(2)/m/n' will be
(Font)              scaled to size 10.50111pt on input line 2.
LaTeX Font Info:    Font shape `TU/TeXGyreTermesMath(2)/m/n' will be
(Font)              scaled to size 8.40097pt on input line 2.
LaTeX Font Info:    Font shape `TU/TeXGyreTermesMath(3)/m/n' will be
(Font)              scaled to size 13.9985pt on input line 2.
LaTeX Font Info:    Font shape `TU/TeXGyreTermesMath(3)/m/n' will be
(Font)              scaled to size 10.49887pt on input line 2.
LaTeX Font Info:    Font shape `TU/TeXGyreTermesMath(3)/m/n' will be
(Font)              scaled to size 8.39919pt on input line 2.
[1


]
LaTeX Font Info:    Font shape `TU/Laksaman(0)/b/n' will be
(Font)              scaled to size 11.80823pt on input line 2.
 [2

] [1


]
Abstract

Overfull \hbox (5.36398pt too wide) in paragraph at lines 6--11
[]\TU/Laksaman(0)/m/n/12                 [][]     [][]
 []


Overfull \hbox (2.23773pt too wide) in paragraph at lines 12--18
[][]\TU/Laksaman(0)/m/n/12                    [][]     -
 []


Overfull \hbox (2.26628pt too wide) in paragraph at lines 12--18
\TU/Laksaman(0)/m/n/12                          [][]
 []

[2

]
Abstract
[3


]
LaTeX Font Info:    Font shape `TU/Inconsolata(0)/m/n' will be
(Font)              scaled to size 11.31738pt on input line 49.

Overfull \hbox (15.695pt too wide) in paragraph at lines 53--55
[]\TU/TeXGyreTermes(0)/m/n/12 Furthermore, I would like to acknowledge the support of my colleagues \TU/Inconsolata(0)/m/n/12 (Ms. Patcharaporn
 []


Overfull \hbox (0.16634pt too wide) in paragraph at lines 53--55
\TU/Inconsolata(0)/m/n/12 Satantaipop) \TU/TeXGyreTermes(0)/m/n/12 for their constructive feedback and encouragement during the writing process.
 []


Overfull \hbox (27.62802pt too wide) in paragraph at lines 56--57
[]\TU/TeXGyreTermes(0)/m/n/12 Finally, I would like to express my gratitude to \TU/Inconsolata(0)/m/n/12 the Department of Computer Engineering,
 []

[4


] (./myReport.toc
LaTeX Info: Redefining \rmfamily on input line 7.
LaTeX Info: Redefining \sffamily on input line 7.
LaTeX Info: Redefining \ttfamily on input line 7.
LaTeX Font Info:    Font shape `TU/TeXGyreTermes(0)/b/n' will be
(Font)              scaled to size 11.21906pt on input line 8.
 [5



] [6])
\tf@toc=\write7
\openout7 = `myReport.toc'.

 [7] (./myReport.lof
LaTeX Info: Redefining \rmfamily on input line 2.
LaTeX Info: Redefining \sffamily on input line 2.
LaTeX Info: Redefining \ttfamily on input line 2.
LaTeX Info: Redefining \rmfamily on input line 4.
LaTeX Info: Redefining \sffamily on input line 4.
LaTeX Info: Redefining \ttfamily on input line 4.
LaTeX Info: Redefining \rmfamily on input line 6.
LaTeX Info: Redefining \sffamily on input line 6.
LaTeX Info: Redefining \ttfamily on input line 6.
LaTeX Info: Redefining \rmfamily on input line 7.
LaTeX Info: Redefining \sffamily on input line 7.
LaTeX Info: Redefining \ttfamily on input line 7.
LaTeX Info: Redefining \rmfamily on input line 8.
LaTeX Info: Redefining \sffamily on input line 8.
LaTeX Info: Redefining \ttfamily on input line 8.
LaTeX Info: Redefining \rmfamily on input line 9.
LaTeX Info: Redefining \sffamily on input line 9.
LaTeX Info: Redefining \ttfamily on input line 9.
LaTeX Info: Redefining \rmfamily on input line 10.
LaTeX Info: Redefining \sffamily on input line 10.
LaTeX Info: Redefining \ttfamily on input line 10.
LaTeX Info: Redefining \rmfamily on input line 11.
LaTeX Info: Redefining \sffamily on input line 11.
LaTeX Info: Redefining \ttfamily on input line 11.
LaTeX Info: Redefining \rmfamily on input line 12.
LaTeX Info: Redefining \sffamily on input line 12.
LaTeX Info: Redefining \ttfamily on input line 12.
LaTeX Info: Redefining \rmfamily on input line 13.
LaTeX Info: Redefining \sffamily on input line 13.
LaTeX Info: Redefining \ttfamily on input line 13.
LaTeX Info: Redefining \rmfamily on input line 14.
LaTeX Info: Redefining \sffamily on input line 14.
LaTeX Info: Redefining \ttfamily on input line 14.
LaTeX Info: Redefining \rmfamily on input line 15.
LaTeX Info: Redefining \sffamily on input line 15.
LaTeX Info: Redefining \ttfamily on input line 15.
LaTeX Info: Redefining \rmfamily on input line 17.
LaTeX Info: Redefining \sffamily on input line 17.
LaTeX Info: Redefining \ttfamily on input line 17.
LaTeX Info: Redefining \rmfamily on input line 18.
LaTeX Info: Redefining \sffamily on input line 18.
LaTeX Info: Redefining \ttfamily on input line 18.
LaTeX Info: Redefining \rmfamily on input line 19.
LaTeX Info: Redefining \sffamily on input line 19.
LaTeX Info: Redefining \ttfamily on input line 19.
LaTeX Info: Redefining \rmfamily on input line 20.
LaTeX Info: Redefining \sffamily on input line 20.
LaTeX Info: Redefining \ttfamily on input line 20.
LaTeX Info: Redefining \rmfamily on input line 21.
LaTeX Info: Redefining \sffamily on input line 21.
LaTeX Info: Redefining \ttfamily on input line 21.
LaTeX Info: Redefining \rmfamily on input line 22.
LaTeX Info: Redefining \sffamily on input line 22.
LaTeX Info: Redefining \ttfamily on input line 22.
)
\tf@lof=\write8
\openout8 = `myReport.lof'.

 [8


] (./myReport.lot
LaTeX Info: Redefining \rmfamily on input line 2.
LaTeX Info: Redefining \sffamily on input line 2.
LaTeX Info: Redefining \ttfamily on input line 2.
LaTeX Info: Redefining \rmfamily on input line 5.
LaTeX Info: Redefining \sffamily on input line 5.
LaTeX Info: Redefining \ttfamily on input line 5.
LaTeX Info: Redefining \rmfamily on input line 8.
LaTeX Info: Redefining \sffamily on input line 8.
LaTeX Info: Redefining \ttfamily on input line 8.
LaTeX Info: Redefining \rmfamily on input line 10.
LaTeX Info: Redefining \sffamily on input line 10.
LaTeX Info: Redefining \ttfamily on input line 10.
LaTeX Info: Redefining \rmfamily on input line 12.
LaTeX Info: Redefining \sffamily on input line 12.
LaTeX Info: Redefining \ttfamily on input line 12.
LaTeX Info: Redefining \rmfamily on input line 14.
LaTeX Info: Redefining \sffamily on input line 14.
LaTeX Info: Redefining \ttfamily on input line 14.
LaTeX Info: Redefining \rmfamily on input line 16.
LaTeX Info: Redefining \sffamily on input line 16.
LaTeX Info: Redefining \ttfamily on input line 16.
LaTeX Info: Redefining \rmfamily on input line 18.
LaTeX Info: Redefining \sffamily on input line 18.
LaTeX Info: Redefining \ttfamily on input line 18.
LaTeX Info: Redefining \rmfamily on input line 20.
LaTeX Info: Redefining \sffamily on input line 20.
LaTeX Info: Redefining \ttfamily on input line 20.
LaTeX Info: Redefining \rmfamily on input line 22.
LaTeX Info: Redefining \sffamily on input line 22.
LaTeX Info: Redefining \ttfamily on input line 22.
LaTeX Info: Redefining \rmfamily on input line 24.
LaTeX Info: Redefining \sffamily on input line 24.
LaTeX Info: Redefining \ttfamily on input line 24.
LaTeX Info: Redefining \rmfamily on input line 26.
LaTeX Info: Redefining \sffamily on input line 26.
LaTeX Info: Redefining \ttfamily on input line 26.
LaTeX Info: Redefining \rmfamily on input line 27.
LaTeX Info: Redefining \sffamily on input line 27.
LaTeX Info: Redefining \ttfamily on input line 27.
LaTeX Info: Redefining \rmfamily on input line 29.
LaTeX Info: Redefining \sffamily on input line 29.
LaTeX Info: Redefining \ttfamily on input line 29.
LaTeX Info: Redefining \rmfamily on input line 31.
LaTeX Info: Redefining \sffamily on input line 31.
LaTeX Info: Redefining \ttfamily on input line 31.
LaTeX Info: Redefining \rmfamily on input line 33.
LaTeX Info: Redefining \sffamily on input line 33.
LaTeX Info: Redefining \ttfamily on input line 33.
LaTeX Info: Redefining \rmfamily on input line 35.
LaTeX Info: Redefining \sffamily on input line 35.
LaTeX Info: Redefining \ttfamily on input line 35.
LaTeX Info: Redefining \rmfamily on input line 37.
LaTeX Info: Redefining \sffamily on input line 37.
LaTeX Info: Redefining \ttfamily on input line 37.
)
\tf@lot=\write9
\openout9 = `myReport.lot'.

 [9


])
\openout2 = `chapters/intro.aux'.

 (./chapters/intro.tex
Chapter 1.
LaTeX Font Info:    Font shape `TU/TeXGyreHeros(0)/m/n' will be
(Font)              scaled to size 9.8703pt on input line 38.
LaTeX Font Info:    Font shape `TU/TeXGyreHeros(0)/b/n' will be
(Font)              scaled to size 9.5777pt on input line 38.
[1






]
Overfull \hbox (0.99464pt too wide) in paragraph at lines 67--68
[]\TU/TeXGyreHeros(0)/b/n/12 Memory: \TU/TeXGyreHeros(0)/m/n/12 At least 16GB of RAM is crucial for storing intermediate computations and caching
 []

[2]) [3]
\openout2 = `chapters/background.aux'.

 (./chapters/background.tex
Chapter 2.
LaTeX Font Info:    Font shape `TU/TeXGyreTermes(0)/m/it' will be
(Font)              scaled to size 11.97217pt on input line 3.
LaTeX Font Info:    Font shape `TU/TeXGyreTermes(0)/m/n' will be
(Font)              scaled to size 8.50508pt on input line 40.
LaTeX Font Info:    Font shape `TU/TeXGyreTermes(0)/m/n' will be
(Font)              scaled to size 6.32133pt on input line 40.
[4




] [5]
Underfull \hbox (badness 5105) in paragraph at lines 106--107
[]|\TU/TeXGyreTermes(0)/m/n/12 Identify users in
 []


Underfull \hbox (badness 10000) in paragraph at lines 106--107
\TU/TeXGyreTermes(0)/m/n/12 extrapolate from
 []


Underfull \hbox (badness 1112) in paragraph at lines 107--107
[]|\TU/TeXGyreTermes(0)/m/n/12 Features of items
 []


Underfull \hbox (badness 10000) in paragraph at lines 107--107
[]|\TU/TeXGyreTermes(0)/m/n/12 us ratings of
 []


Underfull \hbox (badness 2547) in paragraph at lines 107--108
\TU/TeXGyreTermes(0)/m/n/12 ing behavior and
 []


Underfull \hbox (badness 10000) in paragraph at lines 108--108
[]|\TU/TeXGyreTermes(0)/m/n/12 Demographic
 []


Underfull \hbox (badness 10000) in paragraph at lines 108--108
[]|\TU/TeXGyreTermes(0)/m/n/12 Demographic
 []


Underfull \hbox (badness 10000) in paragraph at lines 108--109
\TU/TeXGyreTermes(0)/m/n/12 are demograph-
 []


Underfull \hbox (badness 10000) in paragraph at lines 108--109
\TU/TeXGyreTermes(0)/m/n/12 ically similar to
 []


Underfull \hbox (badness 1112) in paragraph at lines 109--109
[]|\TU/TeXGyreTermes(0)/m/n/12 Features of items
 []


Underfull \hbox (badness 2293) in paragraph at lines 109--110
\TU/TeXGyreTermes(0)/m/n/12 to the items and
 []


Underfull \hbox (badness 1112) in paragraph at lines 110--110
[]|\TU/TeXGyreTermes(0)/m/n/12 Features of items
 []


Underfull \hbox (badness 6741) in paragraph at lines 110--110
\TU/TeXGyreTermes(0)/m/n/12 how these items
 []


Underfull \hbox (badness 10000) in paragraph at lines 110--110
\TU/TeXGyreTermes(0)/m/n/12 meet a users
 []


Underfull \hbox (badness 4779) in paragraph at lines 110--110
[]|\TU/TeXGyreTermes(0)/m/n/12 A description of
 []


Underfull \hbox (badness 4913) in paragraph at lines 110--111
\TU/TeXGyreTermes(0)/m/n/12 tween i and us
 []

[6] [7]) [8]
\openout2 = `chapters/approach.aux'.

 (./chapters/approach.tex
Chapter 3.
LaTeX Font Info:    Font shape `TU/TeXGyreTermes(0)/m/n' will be
(Font)              scaled to size 10.48767pt on input line 28.
LaTeX Font Info:    Font shape `TU/TeXGyreTermesMath(2)/m/n' will be
(Font)              scaled to size 10.95116pt on input line 29.
LaTeX Font Info:    Font shape `TU/TeXGyreTermesMath(2)/m/n' will be
(Font)              scaled to size 8.00085pt on input line 29.
LaTeX Font Info:    Font shape `TU/TeXGyreTermesMath(2)/m/n' will be
(Font)              scaled to size 6.00064pt on input line 29.
LaTeX Font Info:    Font shape `TU/TeXGyreTermesMath(3)/m/n' will be
(Font)              scaled to size 10.94882pt on input line 29.
LaTeX Font Info:    Font shape `TU/TeXGyreTermesMath(3)/m/n' will be
(Font)              scaled to size 7.99915pt on input line 29.
LaTeX Font Info:    Font shape `TU/TeXGyreTermesMath(3)/m/n' will be
(Font)              scaled to size 5.99936pt on input line 29.
LaTeX Font Info:    Font shape `TU/TeXGyreTermes(0)/b/n' will be
(Font)              scaled to size 10.23738pt on input line 31.

Overfull \hbox (2.27629pt too wide) in paragraph at lines 31--31
[]|\TU/TeXGyreTermes(0)/b/n/10.95 Old| 
 []


Overfull \hbox (1.74695pt too wide) in paragraph at lines 33--33
[]|\TU/TeXGyreTermes(0)/m/n/10.95 john@gmail.com| 
 []


Overfull \hbox (4.07521pt too wide) in paragraph at lines 35--35
[]|\TU/TeXGyreTermes(0)/m/n/10.95 nelson@msn.com| 
 []


Overfull \hbox (8.5057pt too wide) in paragraph at lines 46--46
[]|\TU/TeXGyreTermes(0)/b/n/10.95 username| 
 []


Underfull \hbox (badness 10000) in paragraph at lines 48--48
[]|\TU/TeXGyreTermes(0)/m/n/10.95 Bachelor
 []


Overfull \hbox (1.89348pt too wide) in paragraph at lines 48--48
[]|\TU/TeXGyreTermes(0)/m/n/10.95 gmail.com| 
 []


Underfull \hbox (badness 4927) in paragraph at lines 49--49
[]|\TU/TeXGyreTermes(0)/m/n/10.95 Master de-
 []


Underfull \hbox (badness 10000) in paragraph at lines 50--50
[]|\TU/TeXGyreTermes(0)/m/n/10.95 High
 []

[9




] [10]
LaTeX Font Info:    Font shape `TU/Inconsolata(0)/b/n' will be
(Font)              scaled to size 11.07495pt on input line 122.

Overfull \hbox (12.23723pt too wide) in paragraph at lines 122--123
[]\TU/Inconsolata(0)/b/n/12 Doc\TU/Inconsolata(0)/m/n/12 : The programming language is difficult, The local language is easy. 
 []


Overfull \hbox (3.57394pt too wide) detected at line 159
[][][][][][][][][][][][][][] [][][][][][][][][] [][][][][][][][][][][][][] [] [][][][][][][][] [][][][][][][][][] [] [][][][][][][][][] [][][][][][][][][][][][][]
 []

[11]
Overfull \hbox (17.7747pt too wide) in paragraph at lines 164--165
[]\TU/Inconsolata(0)/b/n/12 Doc1\TU/Inconsolata(0)/m/n/12 : The programming language is difficult, The local language is easy. 
 []


Overfull \hbox (0.74347pt too wide) in paragraph at lines 186--197
 [][][][] 
 []

[12]
Overfull \hbox (16.36607pt too wide) in paragraph at lines 250--251
[]\TU/Inconsolata(0)/m/n/12 Give 0 points if the time registration is unsuitable for a learning
 []


Overfull \hbox (44.65953pt too wide) in paragraph at lines 251--252
[]\TU/Inconsolata(0)/m/n/12 Give 1 point if the time registration is suitable for a learning period. 
 []

[13] [14]
LaTeX Font Info:    Font shape `TU/TeXGyreTermes(0)/m/n' will be
(Font)              scaled to size 5.74667pt on input line 383.
LaTeX Font Info:    Font shape `TU/TeXGyreTermesMath(2)/m/n' will be
(Font)              scaled to size 5.00053pt on input line 383.
LaTeX Font Info:    Font shape `TU/TeXGyreTermesMath(3)/m/n' will be
(Font)              scaled to size 4.99947pt on input line 383.
 [15] [16] [17]
Overfull \hbox (57.8704pt too wide) in paragraph at lines 560--561
[]\TU/Inconsolata(0)/m/n/12 Number of correctly predicted items - The course that system predict correctly. 
 []


Overfull \hbox (18.25957pt too wide) in paragraph at lines 561--562
[]\TU/Inconsolata(0)/m/n/12 Total number of relevant items - The courses that have been taken by the
 []


Overfull \hbox (12.60088pt too wide) in paragraph at lines 562--563
[]\TU/Inconsolata(0)/m/n/12 Total number of recommended items - All courses that the recommendation
 []

) [18]
\openout2 = `chapters/eval.aux'.

 (./chapters/eval.tex
Chapter 4.
\openout4 = `myReport.pyg'.

(./_minted-myReport/colorful.pygstyle) (./_minted-myReport/631F0B34BE8A452B7E55558C864E4993907CF531DB5FBB23410FFF00B9579CD2.pygtex
LaTeX Font Info:    Font shape `TU/TeXGyreTermes(0)/m/n' will be
(Font)              scaled to size 9.57779pt on input line 1.
LaTeX Font Info:    Font shape `TU/Inconsolata(0)/m/n' will be
(Font)              scaled to size 9.43115pt on input line 1.
LaTeX Font Info:    Font shape `TU/Inconsolata(0)/b/n' will be
(Font)              scaled to size 9.22913pt on input line 2.
)
\openout4 = `myReport.pyg'.

 (./_minted-myReport/4D71AF2DC995933D85DC07C6052E6C17907CF531DB5FBB23410FFF00B9579CD2.pygtex)
\openout4 = `myReport.pyg'.

 (./_minted-myReport/E6E993344C27A4B58641EB4405E3BF11907CF531DB5FBB23410FFF00B9579CD2.pygtex)
\openout4 = `myReport.pyg'.

 (./_minted-myReport/13C4B2840E40D848FFAF653838EB7F59907CF531DB5FBB23410FFF00B9579CD2.pygtex [19




])
\openout4 = `myReport.pyg'.

 (./_minted-myReport/FF1BA9CBB8A32365E7B6E2C120804102907CF531DB5FBB23410FFF00B9579CD2.pygtex)
\openout4 = `myReport.pyg'.

 (./_minted-myReport/74D9A83219CABAAB06A69FD318873F33907CF531DB5FBB23410FFF00B9579CD2.pygtex)
Overfull \hbox (1.50514pt too wide) in paragraph at lines 86--86
[]|\TU/TeXGyreTermes(0)/m/n/10.95 647| 
 []


Overfull \hbox (1.50514pt too wide) in paragraph at lines 87--87
[]|\TU/TeXGyreTermes(0)/m/n/10.95 645| 
 []

[20]
\openout4 = `myReport.pyg'.

 (./_minted-myReport/5B9E000E239E6143D0BB016F6C2AB5F0907CF531DB5FBB23410FFF00B9579CD2.pygtex)
\openout4 = `myReport.pyg'.

 (./_minted-myReport/FB751B021F24F0EBA0FE8959156DF0D4907CF531DB5FBB23410FFF00B9579CD2.pygtex)
Underfull \hbox (badness 10000) in paragraph at lines 129--129
[]|\TU/TeXGyreTermes(0)/m/n/10.95 Cosine
 []


Overfull \hbox (14.94592pt too wide) in paragraph at lines 127--135
[][] 
 []

\openout4 = `myReport.pyg'.

(./_minted-myReport/7A91DF575EFC86157C2DF36726D508D6907CF531DB5FBB23410FFF00B9579CD2.pygtex) [21]) [22]
\openout2 = `chapters/conclusion.aux'.

 (./chapters/conclusion.tex
Chapter 5.
) [23




] [24] (./myReport.bbl [25




] [26]) [27]
\openout2 = `chapters/appendix.aux'.

 (./chapters/appendix.tex
Appendix A.
[28


]
Appendix B.
) [29

]
Vita
File: ./img/newin_photo.jpg Graphic file (type bmp)
<./img/newin_photo.jpg>
File: ./img/may_photo.jpg Graphic file (type bmp)
<./img/may_photo.jpg>
[30



] (./myReport.aux (./chapters/frontmatter.aux) (./chapters/intro.aux) (./chapters/background.aux) (./chapters/approach.aux) (./chapters/eval.aux) (./chapters/conclusion.aux) (./chapters/appendix.aux))
 ***********
LaTeX2e <2023-11-01> patch level 1
L3 programming layer <2024-03-14>
 ***********
Package rerunfilecheck Info: File `myReport.out' has not changed.
(rerunfilecheck)             Checksum: 6D80C9EE887B7296D6D3D57D2643F15A;14081.
runsystem(del myReport.pyg)...executed.

 ) 
Here is how much of TeX's memory you used:
 43753 strings out of 474761
 1032182 string characters out of 5761074
 1942148 words of memory out of 5000000
 65016 multiletter control sequences out of 15000+600000
 566861 words of font info for 185 fonts, out of 8000000 for 9000
 1348 hyphenation exceptions out of 8191
 109i,16n,151p,788b,2100s stack positions out of 10000i,1000n,20000p,200000b,200000s

Output written on myReport.pdf (41 pages).
