\BOOKMARK [1][-]{section*.1}{\376\377\016\032\016\027\016\004\016\061\016\024\016\042\016\110\016\055}{}% 1
\BOOKMARK [1][-]{section*.2}{\376\377\000A\000b\000s\000t\000r\000a\000c\000t}{}% 2
\BOOKMARK [1][-]{chapter*.3}{\376\377\000A\000c\000k\000n\000o\000w\000l\000e\000d\000g\000m\000e\000n\000t\000s}{}% 3
\BOOKMARK [1][-]{section*.4}{\376\377\000C\000o\000n\000t\000e\000n\000t\000s}{}% 4
\BOOKMARK [1][-]{section*.6}{\376\377\000L\000i\000s\000t\000\040\000o\000f\000\040\000F\000i\000g\000u\000r\000e\000s}{}% 5
\BOOKMARK [1][-]{section*.8}{\376\377\000L\000i\000s\000t\000\040\000o\000f\000\040\000T\000a\000b\000l\000e\000s}{}% 6
\BOOKMARK [0][-]{chapter.1}{\376\377\000I\000n\000t\000r\000o\000d\000u\000c\000t\000i\000o\000n}{}% 7
\BOOKMARK [1][-]{section.1.1}{\376\377\000P\000r\000o\000j\000e\000c\000t\000\040\000r\000a\000t\000i\000o\000n\000a\000l\000e}{chapter.1}% 8
\BOOKMARK [1][-]{section.1.2}{\376\377\000O\000b\000j\000e\000c\000t\000i\000v\000e\000s}{chapter.1}% 9
\BOOKMARK [1][-]{section.1.3}{\376\377\000P\000r\000o\000j\000e\000c\000t\000\040\000s\000c\000o\000p\000e}{chapter.1}% 10
\BOOKMARK [2][-]{subsection.1.3.1}{\376\377\000A\000p\000p\000r\000o\000a\000c\000h\000e\000s}{section.1.3}% 11
\BOOKMARK [2][-]{subsection.1.3.2}{\376\377\000L\000i\000b\000r\000a\000r\000i\000e\000s}{section.1.3}% 12
\BOOKMARK [2][-]{subsection.1.3.3}{\376\377\000D\000a\000t\000a\000s\000e\000t}{section.1.3}% 13
\BOOKMARK [1][-]{section.1.4}{\376\377\000E\000x\000p\000e\000c\000t\000e\000d\000\040\000o\000u\000t\000c\000o\000m\000e\000s}{chapter.1}% 14
\BOOKMARK [2][-]{subsection.1.4.1}{\376\377\000H\000a\000r\000d\000w\000a\000r\000e\000\040\000t\000e\000c\000h\000n\000o\000l\000o\000g\000y\000\040}{section.1.4}% 15
\BOOKMARK [2][-]{subsection.1.4.2}{\376\377\000S\000o\000f\000t\000w\000a\000r\000e\000\040\000t\000e\000c\000h\000n\000o\000l\000o\000g\000y}{section.1.4}% 16
\BOOKMARK [1][-]{section.1.5}{\376\377\000P\000r\000o\000j\000e\000c\000t\000\040\000p\000l\000a\000n}{chapter.1}% 17
\BOOKMARK [1][-]{section.1.6}{\376\377\000R\000o\000l\000e\000s\000\040\000a\000n\000d\000\040\000r\000e\000s\000p\000o\000n\000s\000i\000b\000i\000l\000i\000t\000i\000e\000s}{chapter.1}% 18
\BOOKMARK [1][-]{section.1.7}{\376\377\000I\000m\000p\000a\000c\000t\000s\000\040\000o\000f\000\040\000t\000h\000i\000s\000\040\000p\000r\000o\000j\000e\000c\000t\000\040\000o\000n\000\040\000s\000o\000c\000i\000e\000t\000y\000,\000\040\000h\000e\000a\000l\000t\000h\000,\000\040\000s\000a\000f\000e\000t\000y\000,\000\040\000l\000e\000g\000a\000l\000,\000\040\000a\000n\000d\000\040\000c\000u\000l\000t\000u\000r\000a\000l\000\040\000i\000s\000s\000u\000e\000s\000\040}{chapter.1}% 19
\BOOKMARK [0][-]{chapter.2}{\376\377\000B\000a\000c\000k\000g\000r\000o\000u\000n\000d\000\040\000K\000n\000o\000w\000l\000e\000d\000g\000e\000\040\000a\000n\000d\000\040\000T\000h\000e\000o\000r\000y}{}% 20
\BOOKMARK [1][-]{section.2.1}{\376\377\000P\000r\000o\000b\000l\000e\000m\000s}{chapter.2}% 21
\BOOKMARK [1][-]{section.2.2}{\376\377\000R\000e\000v\000i\000e\000w\000\040\000o\000f\000\040\000R\000e\000l\000a\000t\000e\000d\000\040\000S\000t\000u\000d\000i\000e\000s}{chapter.2}% 22
\BOOKMARK [1][-]{section.2.3}{\376\377\000C\000o\000n\000t\000e\000n\000t\000-\000B\000a\000s\000e\000d\000\040\000F\000i\000l\000t\000e\000r\000i\000n\000g}{chapter.2}% 23
\BOOKMARK [2][-]{subsection.2.3.1}{\376\377\000A\000d\000v\000a\000n\000t\000a\000g\000e\000s}{section.2.3}% 24
\BOOKMARK [2][-]{subsection.2.3.2}{\376\377\000D\000i\000s\000a\000d\000v\000a\000n\000t\000a\000g\000e\000s}{section.2.3}% 25
\BOOKMARK [1][-]{section.2.4}{\376\377\000C\000o\000l\000l\000a\000b\000o\000r\000a\000t\000i\000v\000e\000\040\000F\000i\000l\000t\000e\000r\000i\000n\000g}{chapter.2}% 26
\BOOKMARK [2][-]{subsection.2.4.1}{\376\377\000A\000d\000v\000a\000n\000t\000a\000g\000e\000s}{section.2.4}% 27
\BOOKMARK [2][-]{subsection.2.4.2}{\376\377\000D\000i\000s\000a\000d\000v\000a\000n\000t\000a\000g\000e\000s}{section.2.4}% 28
\BOOKMARK [1][-]{section.2.5}{\376\377\000H\000y\000b\000r\000i\000d\000\040\000F\000i\000l\000t\000e\000r\000i\000n\000g}{chapter.2}% 29
\BOOKMARK [1][-]{section.2.6}{\376\377\000E\000v\000a\000l\000u\000a\000t\000i\000o\000n}{chapter.2}% 30
\BOOKMARK [2][-]{subsection.2.6.1}{\376\377\000T\000r\000a\000i\000n\000i\000n\000g\000\040\000a\000n\000d\000\040\000T\000e\000s\000t\000i\000n\000g}{section.2.6}% 31
\BOOKMARK [2][-]{subsection.2.6.2}{\376\377\000H\000i\000t\000\040\000R\000a\000t\000e}{section.2.6}% 32
\BOOKMARK [2][-]{subsection.2.6.3}{\376\377\000F\0001\000\040\000S\000c\000o\000r\000e}{section.2.6}% 33
\BOOKMARK [1][-]{section.2.7}{\376\377\000I\000S\000N\000E\000\040\000k\000n\000o\000w\000l\000e\000d\000g\000e\000\040\000u\000s\000e\000d\000,\000\040\000a\000p\000p\000l\000i\000e\000d\000,\000\040\000o\000r\000\040\000i\000n\000t\000e\000g\000r\000a\000t\000e\000d\000\040\000i\000n\000\040\000t\000h\000i\000s\000\040\000p\000r\000o\000j\000e\000c\000t\000\040}{chapter.2}% 34
\BOOKMARK [2][-]{subsection.2.7.1}{\376\377\000B\000a\000s\000i\000c\000\040\000C\000o\000m\000p\000u\000t\000e\000r\000\040\000P\000r\000o\000g\000r\000a\000m\000m\000i\000n\000g\000\040\000f\000o\000r\000\040\000I\000n\000f\000o\000r\000m\000a\000t\000i\000o\000n\000\040\000S\000y\000s\000t\000e\000m\000s\000\040\000a\000n\000d\000\040\000N\000e\000t\000w\000o\000r\000k\000\040\000E\000n\000g\000i\000n\000e\000e\000r\000i\000n\000g}{section.2.7}% 35
\BOOKMARK [2][-]{subsection.2.7.2}{\376\377\000O\000b\000j\000e\000c\000t\000-\000O\000r\000i\000e\000n\000t\000e\000d\000\040\000P\000r\000o\000g\000r\000a\000m\000m\000i\000n\000g}{section.2.7}% 36
\BOOKMARK [2][-]{subsection.2.7.3}{\376\377\000D\000a\000t\000a\000\040\000S\000t\000r\000u\000c\000t\000u\000r\000e\000s\000\040\000a\000n\000d\000\040\000A\000l\000g\000o\000r\000i\000t\000h\000m\000s}{section.2.7}% 37
\BOOKMARK [2][-]{subsection.2.7.4}{\376\377\000F\000u\000n\000d\000a\000m\000e\000n\000t\000a\000l\000s\000\040\000o\000f\000\040\000D\000a\000t\000a\000b\000a\000s\000e\000\040\000S\000y\000s\000t\000e\000m\000s}{section.2.7}% 38
\BOOKMARK [1][-]{section.2.8}{\376\377\000E\000x\000t\000r\000a\000c\000u\000r\000r\000i\000c\000u\000l\000a\000r\000\040\000k\000n\000o\000w\000l\000e\000d\000g\000e\000\040\000u\000s\000e\000d\000,\000\040\000a\000p\000p\000l\000i\000e\000d\000,\000\040\000o\000r\000\040\000i\000n\000t\000e\000g\000r\000a\000t\000e\000d\000\040\000i\000n\000\040\000t\000h\000i\000s\000\040\000p\000r\000o\000j\000e\000c\000t\000\040}{chapter.2}% 39
\BOOKMARK [0][-]{chapter.3}{\376\377\000P\000r\000o\000j\000e\000c\000t\000\040\000S\000t\000r\000u\000c\000t\000u\000r\000e\000\040\000a\000n\000d\000\040\000M\000e\000t\000h\000o\000d\000o\000l\000o\000g\000y}{}% 40
\BOOKMARK [1][-]{section.3.1}{\376\377\000D\000a\000t\000a\000\040\000C\000l\000e\000a\000n\000i\000n\000g}{chapter.3}% 41
\BOOKMARK [1][-]{section.3.2}{\376\377\000C\000o\000u\000r\000s\000e\000\040\000R\000e\000c\000o\000m\000m\000e\000n\000d\000a\000t\000i\000o\000n\000\040\000u\000s\000i\000n\000g\000\040\000T\000F\000-\000I\000D\000F\000\040\000a\000n\000d\000\040\000L\000i\000n\000e\000a\000r\000\040\000K\000e\000r\000n\000e\000l}{chapter.3}% 42
\BOOKMARK [2][-]{subsection.3.2.1}{\376\377\000T\000e\000r\000m\000\040\000F\000r\000e\000q\000u\000e\000n\000c\000y}{section.3.2}% 43
\BOOKMARK [2][-]{subsection.3.2.2}{\376\377\000I\000n\000v\000e\000r\000s\000e\000\040\000D\000o\000c\000u\000m\000e\000n\000t\000\040\000F\000r\000e\000q\000u\000e\000n\000c\000y}{section.3.2}% 44
\BOOKMARK [2][-]{subsection.3.2.3}{\376\377\000T\000e\000r\000m\000\040\000F\000r\000e\000q\000u\000e\000n\000c\000y\000\040\000a\000n\000d\000\040\000I\000n\000v\000e\000r\000s\000e\000\040\000D\000o\000c\000u\000m\000e\000n\000t\000\040\000F\000r\000e\000q\000u\000e\000n\000c\000y}{section.3.2}% 45
\BOOKMARK [2][-]{subsection.3.2.4}{\376\377\000C\000o\000s\000i\000n\000e\000\040\000S\000i\000m\000i\000l\000a\000r\000i\000t\000y}{section.3.2}% 46
\BOOKMARK [1][-]{section.3.3}{\376\377\000C\000o\000u\000r\000s\000e\000\040\000R\000e\000c\000o\000m\000m\000e\000n\000d\000a\000t\000i\000o\000n\000\040\000u\000s\000i\000n\000g\000\040\000F\000e\000a\000t\000u\000r\000e\000\040\000R\000a\000t\000i\000n\000g\000s\000\040\000a\000n\000d\000\040\000K\000N\000N}{chapter.3}% 47
\BOOKMARK [2][-]{subsection.3.3.1}{\376\377\000F\000e\000a\000t\000u\000r\000e\000\040\000R\000a\000t\000i\000n\000g\000s\000\040\000C\000a\000l\000c\000u\000l\000a\000t\000i\000o\000n}{section.3.3}% 48
\BOOKMARK [2][-]{subsection.3.3.2}{\376\377\000N\000e\000a\000r\000e\000s\000t\000\040\000N\000e\000i\000g\000h\000b\000o\000r\000s\000\040\000M\000o\000d\000e\000l}{section.3.3}% 49
\BOOKMARK [1][-]{section.3.4}{\376\377\000H\000y\000b\000r\000i\000d\000\040\000C\000o\000u\000r\000s\000e\000\040\000R\000e\000c\000o\000m\000m\000e\000n\000d\000a\000t\000i\000o\000n}{chapter.3}% 50
\BOOKMARK [2][-]{subsection.3.4.1}{\376\377\000T\000h\000e\000\040\000c\000o\000m\000b\000i\000n\000a\000t\000i\000o\000n\000\040\000o\000f\000\040\000T\000F\000-\000I\000D\000F\000\040\000a\000n\000d\000\040\000K\000N\000N}{section.3.4}% 51
\BOOKMARK [2][-]{subsection.3.4.2}{\376\377\000T\000h\000e\000\040\000p\000r\000o\000c\000e\000s\000s\000\040\000o\000f\000\040\000R\000e\000c\000o\000m\000m\000e\000n\000d\000a\000t\000i\000o\000n}{section.3.4}% 52
\BOOKMARK [1][-]{section.3.5}{\376\377\000E\000v\000a\000l\000u\000a\000t\000i\000o\000n}{chapter.3}% 53
\BOOKMARK [2][-]{subsection.3.5.1}{\376\377\000T\000r\000a\000i\000n\000i\000n\000g\000\040\000a\000n\000d\000\040\000T\000e\000s\000t\000i\000n\000g}{section.3.5}% 54
\BOOKMARK [2][-]{subsection.3.5.2}{\376\377\000A\000c\000c\000u\000r\000a\000c\000y\000\040\000M\000e\000a\000s\000u\000r\000e\000m\000e\000n\000t}{section.3.5}% 55
\BOOKMARK [1][-]{section.3.6}{\376\377\000F\000u\000n\000c\000t\000i\000o\000n\000\040\000S\000t\000r\000u\000c\000t\000u\000r\000e}{chapter.3}% 56
\BOOKMARK [2][-]{subsection.3.6.1}{\376\377\000T\000h\000e\000\040\000T\000f\000i\000d\000f\000L\000i\000n\000e\000a\000r\000K\000e\000r\000n\000e\000l\000\040\000c\000l\000a\000s\000s}{section.3.6}% 57
\BOOKMARK [2][-]{subsection.3.6.2}{\376\377\000T\000h\000e\000\040\000F\000e\000a\000t\000u\000r\000e\000R\000a\000t\000i\000n\000g\000s\000K\000N\000N\000\040\000C\000l\000a\000s\000s}{section.3.6}% 58
\BOOKMARK [2][-]{subsection.3.6.3}{\376\377\000T\000h\000e\000\040\000H\000y\000b\000r\000i\000d\000\040\000C\000l\000a\000s\000s}{section.3.6}% 59
\BOOKMARK [0][-]{chapter.4}{\376\377\000E\000x\000p\000e\000r\000i\000m\000e\000n\000t\000a\000t\000i\000o\000n\000\040\000a\000n\000d\000\040\000R\000e\000s\000u\000l\000t\000s}{}% 60
\BOOKMARK [1][-]{section.4.1}{\376\377\000I\000n\000s\000t\000a\000l\000l\000\040\000o\000u\000r\000\040\000P\000y\000t\000h\000o\000n\000\040\000p\000a\000c\000k\000a\000g\000e}{chapter.4}% 61
\BOOKMARK [1][-]{section.4.2}{\376\377\000D\000a\000t\000a\000\040\000P\000r\000e\000p\000a\000r\000a\000t\000i\000o\000n}{chapter.4}% 62
\BOOKMARK [2][-]{subsection.4.2.1}{\376\377\000I\000m\000p\000o\000r\000t\000\040\000t\000h\000e\000\040\000c\000l\000a\000s\000s\000e\000s}{section.4.2}% 63
\BOOKMARK [2][-]{subsection.4.2.2}{\376\377\000I\000m\000p\000o\000r\000t\000\040\000d\000a\000t\000a\000s\000e\000t\000s}{section.4.2}% 64
\BOOKMARK [1][-]{section.4.3}{\376\377\000E\000x\000t\000r\000a\000c\000t\000\040\000a\000\040\000u\000s\000e\000r\000\040\000d\000a\000t\000a\000s\000e\000t}{chapter.4}% 65
\BOOKMARK [1][-]{section.4.4}{\376\377\000F\000i\000t\000\040\000t\000h\000e\000\040\000m\000o\000d\000e\000l}{chapter.4}% 66
\BOOKMARK [1][-]{section.4.5}{\376\377\000P\000r\000e\000d\000i\000c\000t\000\040\000t\000h\000e\000\040\000m\000o\000d\000e\000l}{chapter.4}% 67
\BOOKMARK [1][-]{section.4.6}{\376\377\000O\000b\000s\000e\000r\000v\000e\000\040\000t\000h\000e\000\040\000r\000e\000s\000u\000l\000t\000s}{chapter.4}% 68
\BOOKMARK [1][-]{section.4.7}{\376\377\000C\000a\000l\000c\000u\000l\000a\000t\000e\000\040\000t\000h\000e\000\040\000a\000c\000c\000u\000r\000a\000c\000y}{chapter.4}% 69
\BOOKMARK [2][-]{subsection.4.7.1}{\376\377\000T\000r\000a\000c\000y\000\040\000M\000a\000r\000c\000h\000a\000n\000t}{section.4.7}% 70
\BOOKMARK [2][-]{subsection.4.7.2}{\376\377\000A\000l\000l\000\040\000u\000s\000e\000r\000s}{section.4.7}% 71
\BOOKMARK [0][-]{chapter.5}{\376\377\000C\000o\000n\000c\000l\000u\000s\000i\000o\000n\000s\000\040\000a\000n\000d\000\040\000D\000i\000s\000c\000u\000s\000s\000i\000o\000n\000s}{}% 72
\BOOKMARK [1][-]{section.5.1}{\376\377\000C\000o\000n\000c\000l\000u\000s\000i\000o\000n\000s}{chapter.5}% 73
\BOOKMARK [1][-]{section.5.2}{\376\377\000C\000h\000a\000l\000l\000e\000n\000g\000e\000s}{chapter.5}% 74
\BOOKMARK [1][-]{section.5.3}{\376\377\000S\000u\000g\000g\000e\000s\000t\000i\000o\000n\000s\000\040\000a\000n\000d\000\040\000f\000u\000r\000t\000h\000e\000r\000\040\000i\000m\000p\000r\000o\000v\000e\000m\000e\000n\000t\000s\000\040}{chapter.5}% 75
\BOOKMARK [0][-]{section*.34}{\376\377\000R\000e\000f\000e\000r\000e\000n\000c\000e\000s}{}% 76
\BOOKMARK [0][-]{appendix.A}{\376\377\000T\000e\000c\000h\000n\000i\000c\000a\000l\000\040\000I\000m\000p\000l\000e\000m\000e\000n\000t\000a\000t\000i\000o\000n\000\040\000D\000e\000t\000a\000i\000l\000s}{}% 77
\BOOKMARK [1][-]{section.A.1}{\376\377\000D\000a\000t\000a\000\040\000C\000o\000l\000l\000e\000c\000t\000i\000o\000n\000\040\000a\000n\000d\000\040\000P\000r\000e\000p\000r\000o\000c\000e\000s\000s\000i\000n\000g}{appendix.A}% 78
\BOOKMARK [1][-]{section.A.2}{\376\377\000C\000o\000n\000t\000e\000n\000t\000-\000B\000a\000s\000e\000d\000\040\000F\000i\000l\000t\000e\000r\000i\000n\000g}{appendix.A}% 79
\BOOKMARK [1][-]{section.A.3}{\376\377\000C\000o\000l\000l\000a\000b\000o\000r\000a\000t\000i\000v\000e\000\040\000F\000i\000l\000t\000e\000r\000i\000n\000g}{appendix.A}% 80
\BOOKMARK [1][-]{section.A.4}{\376\377\000H\000y\000b\000r\000i\000d\000\040\000A\000p\000p\000r\000o\000a\000c\000h}{appendix.A}% 81
\BOOKMARK [1][-]{section.A.5}{\376\377\000M\000o\000d\000e\000l\000\040\000E\000v\000a\000l\000u\000a\000t\000i\000o\000n}{appendix.A}% 82
\BOOKMARK [0][-]{appendix.B}{\376\377\000M\000o\000d\000e\000l\000\040\000T\000r\000a\000i\000n\000i\000n\000g\000\040\000a\000n\000d\000\040\000E\000v\000a\000l\000u\000a\000t\000i\000o\000n}{}% 83
\BOOKMARK [1][-]{section.B.1}{\376\377\000M\000o\000d\000e\000l\000\040\000T\000r\000a\000i\000n\000i\000n\000g}{appendix.B}% 84
\BOOKMARK [1][-]{section.B.2}{\376\377\000E\000v\000a\000l\000u\000a\000t\000i\000o\000n\000\040\000M\000e\000t\000r\000i\000c\000s}{appendix.B}% 85
\BOOKMARK [1][-]{section.B.3}{\376\377\000C\000h\000a\000l\000l\000e\000n\000g\000e\000s\000\040\000a\000n\000d\000\040\000S\000o\000l\000u\000t\000i\000o\000n\000s}{appendix.B}% 86
\BOOKMARK [0][-]{appendix*.36}{\376\377\000B\000i\000o\000g\000r\000a\000p\000h\000i\000c\000a\000l\000\040\000S\000k\000e\000t\000c\000h}{}% 87
